[    0.000000] Linux version 4.15.0-212-generic (buildd@lcy02-amd64-083) (gcc version 7.5.0 (Ubuntu 7.5.0-3ubuntu1~18.04)) #223-Ubuntu SMP Tue May 23 13:09:22 UTC 2023 (Ubuntu 4.15.0-212.223-generic 4.15.18)
[    0.000000] Command line: BOOT_IMAGE=/boot/vmlinuz-4.15.0-212-generic root=LABEL=cloudimg-rootfs ro console=tty1 console=ttyS0
[    0.000000] KERNEL supported cpus:
[    0.000000]   Intel GenuineIntel
[    0.000000]   AMD AuthenticAMD
[    0.000000]   Centaur CentaurHauls
[    0.000000] x86/fpu: Supporting XSAVE feature 0x001: 'x87 floating point registers'
[    0.000000] x86/fpu: Supporting XSAVE feature 0x002: 'SSE registers'
[    0.000000] x86/fpu: Supporting XSAVE feature 0x004: 'AVX registers'
[    0.000000] x86/fpu: xstate_offset[2]:  576, xstate_sizes[2]:  256
[    0.000000] x86/fpu: Enabled xstate features 0x7, context size is 832 bytes, using 'standard' format.
[    0.000000] e820: BIOS-provided physical RAM map:
[    0.000000] BIOS-e820: [mem 0x0000000000000000-0x000000000009fbff] usable
[    0.000000] BIOS-e820: [mem 0x000000000009fc00-0x000000000009ffff] reserved
[    0.000000] BIOS-e820: [mem 0x00000000000f0000-0x00000000000fffff] reserved
[    0.000000] BIOS-e820: [mem 0x0000000000100000-0x000000003ffeffff] usable
[    0.000000] BIOS-e820: [mem 0x000000003fff0000-0x000000003fffffff] ACPI data
[    0.000000] BIOS-e820: [mem 0x00000000fec00000-0x00000000fec00fff] reserved
[    0.000000] BIOS-e820: [mem 0x00000000fee00000-0x00000000fee00fff] reserved
[    0.000000] BIOS-e820: [mem 0x00000000fffc0000-0x00000000ffffffff] reserved
[    0.000000] NX (Execute Disable) protection: active
[    0.000000] SMBIOS 2.5 present.
[    0.000000] DMI: innotek GmbH VirtualBox/VirtualBox, BIOS VirtualBox 12/01/2006
[    0.000000] Hypervisor detected: KVM
[    0.000000] e820: last_pfn = 0x3fff0 max_arch_pfn = 0x400000000
[    0.000000] MTRR: Disabled
[    0.000000] x86/PAT: MTRRs disabled, skipping PAT initialization too.
[    0.000000] CPU MTRRs all blank - virtualized system.
[    0.000000] x86/PAT: Configuration [0-7]: WB  WT  UC- UC  WB  WT  UC- UC  
[    0.000000] found SMP MP-table at [mem 0x0009fff0-0x0009ffff]
[    0.000000] Scanning 1 areas for low memory corruption
[    0.000000] RAMDISK: [mem 0x359cb000-0x36cdcfff]
[    0.000000] ACPI: Early table checksum verification disabled
[    0.000000] ACPI: RSDP 0x00000000000E0000 000024 (v02 VBOX  )
[    0.000000] ACPI: XSDT 0x000000003FFF0030 00003C (v01 VBOX   VBOXXSDT 00000001 ASL  00000061)
[    0.000000] ACPI: FACP 0x000000003FFF00F0 0000F4 (v04 VBOX   VBOXFACP 00000001 ASL  00000061)
[    0.000000] ACPI: DSDT 0x000000003FFF0610 002353 (v02 VBOX   VBOXBIOS 00000002 INTL 20210930)
[    0.000000] ACPI: FACS 0x000000003FFF0200 000040
[    0.000000] ACPI: FACS 0x000000003FFF0200 000040
[    0.000000] ACPI: APIC 0x000000003FFF0240 000054 (v02 VBOX   VBOXAPIC 00000001 ASL  00000061)
[    0.000000] ACPI: SSDT 0x000000003FFF02A0 00036C (v01 VBOX   VBOXCPUT 00000002 INTL 20210930)
[    0.000000] ACPI: Reserving FACP table memory at [mem 0x3fff00f0-0x3fff01e3]
[    0.000000] ACPI: Reserving DSDT table memory at [mem 0x3fff0610-0x3fff2962]
[    0.000000] ACPI: Reserving FACS table memory at [mem 0x3fff0200-0x3fff023f]
[    0.000000] ACPI: Reserving FACS table memory at [mem 0x3fff0200-0x3fff023f]
[    0.000000] ACPI: Reserving APIC table memory at [mem 0x3fff0240-0x3fff0293]
[    0.000000] ACPI: Reserving SSDT table memory at [mem 0x3fff02a0-0x3fff060b]
[    0.000000] No NUMA configuration found
[    0.000000] Faking a node at [mem 0x0000000000000000-0x000000003ffeffff]
[    0.000000] NODE_DATA(0) allocated [mem 0x3ffc5000-0x3ffeffff]
[    0.000000] kvm-clock: cpu 0, msr 0:3ff44001, primary cpu clock
[    0.000000] kvm-clock: Using msrs 4b564d01 and 4b564d00
[    0.000000] kvm-clock: using sched offset of 7497944273 cycles
[    0.000000] clocksource: kvm-clock: mask: 0xffffffffffffffff max_cycles: 0x1cd42e4dffb, max_idle_ns: 881590591483 ns
[    0.000000] Zone ranges:
[    0.000000]   DMA      [mem 0x0000000000001000-0x0000000000ffffff]
[    0.000000]   DMA32    [mem 0x0000000001000000-0x000000003ffeffff]
[    0.000000]   Normal   empty
[    0.000000]   Device   empty
[    0.000000] Movable zone start for each node
[    0.000000] Early memory node ranges
[    0.000000]   node   0: [mem 0x0000000000001000-0x000000000009efff]
[    0.000000]   node   0: [mem 0x0000000000100000-0x000000003ffeffff]
[    0.000000] Reserved but unavailable: 104 pages
[    0.000000] Initmem setup node 0 [mem 0x0000000000001000-0x000000003ffeffff]
[    0.000000] ACPI: PM-Timer IO Port: 0x4008
[    0.000000] IOAPIC[0]: apic_id 1, version 32, address 0xfec00000, GSI 0-23
[    0.000000] ACPI: INT_SRC_OVR (bus 0 bus_irq 0 global_irq 2 dfl dfl)
[    0.000000] ACPI: INT_SRC_OVR (bus 0 bus_irq 9 global_irq 9 low level)
[    0.000000] Using ACPI (MADT) for SMP configuration information
[    0.000000] smpboot: Allowing 1 CPUs, 0 hotplug CPUs
[    0.000000] PM: Registered nosave memory: [mem 0x00000000-0x00000fff]
[    0.000000] PM: Registered nosave memory: [mem 0x0009f000-0x0009ffff]
[    0.000000] PM: Registered nosave memory: [mem 0x000a0000-0x000effff]
[    0.000000] PM: Registered nosave memory: [mem 0x000f0000-0x000fffff]
[    0.000000] e820: [mem 0x40000000-0xfebfffff] available for PCI devices
[    0.000000] Booting paravirtualized kernel on KVM
[    0.000000] clocksource: refined-jiffies: mask: 0xffffffff max_cycles: 0xffffffff, max_idle_ns: 7645519600211568 ns
[    0.000000] setup_percpu: NR_CPUS:8192 nr_cpumask_bits:1 nr_cpu_ids:1 nr_node_ids:1
[    0.000000] percpu: Embedded 50 pages/cpu s167936 r8192 d28672 u2097152
[    0.000000] PV qspinlock hash table entries: 256 (order: 0, 4096 bytes)
[    0.000000] Built 1 zonelists, mobility grouping on.  Total pages: 257913
[    0.000000] Policy zone: DMA32
[    0.000000] Kernel command line: BOOT_IMAGE=/boot/vmlinuz-4.15.0-212-generic root=LABEL=cloudimg-rootfs ro console=tty1 console=ttyS0
[    0.000000] Memory: 982844K/1048120K available (12300K kernel code, 2477K rwdata, 4324K rodata, 2480K init, 2720K bss, 65276K reserved, 0K cma-reserved)
[    0.000000] SLUB: HWalign=64, Order=0-3, MinObjects=0, CPUs=1, Nodes=1
[    0.000000] Kernel/User page tables isolation: enabled
[    0.000000] ftrace: allocating 39508 entries in 155 pages
[    0.004000] Hierarchical RCU implementation.
[    0.004000] 	RCU restricting CPUs from NR_CPUS=8192 to nr_cpu_ids=1.
[    0.004000] 	Tasks RCU enabled.
[    0.004000] RCU: Adjusting geometry for rcu_fanout_leaf=16, nr_cpu_ids=1
[    0.004000] NR_IRQS: 524544, nr_irqs: 256, preallocated irqs: 16
[    0.004000] random: crng init done
[    0.004000] Console: colour VGA+ 80x25
[    0.004000] console [tty1] enabled
[    0.004000] console [ttyS0] enabled
[    0.004000] ACPI: Core revision 20170831
[    0.004000] ACPI: 2 ACPI AML tables successfully acquired and loaded
[    0.004000] APIC: Switch to symmetric I/O mode setup
[    0.006668] x2apic enabled
[    0.008000] Switched APIC routing to physical x2apic.
[    0.012000] ..TIMER: vector=0x30 apic1=0 pin1=2 apic2=-1 pin2=-1
[    0.012007] tsc: Detected 2800.196 MHz processor
[    0.016000] Calibrating delay loop (skipped) preset value.. 5600.39 BogoMIPS (lpj=11200784)
[    0.016009] pid_max: default: 32768 minimum: 301
[    0.020000] Security Framework initialized
[    0.020113] Yama: becoming mindful.
[    0.024045] AppArmor: AppArmor initialized
[    0.028000] Dentry cache hash table entries: 131072 (order: 8, 1048576 bytes)
[    0.029312] Inode-cache hash table entries: 65536 (order: 7, 524288 bytes)
[    0.032100] Mount-cache hash table entries: 2048 (order: 2, 16384 bytes)
[    0.036062] Mountpoint-cache hash table entries: 2048 (order: 2, 16384 bytes)
[    0.043297] process: using mwait in idle threads
[    0.044069] Last level iTLB entries: 4KB 64, 2MB 8, 4MB 8
[    0.048019] Last level dTLB entries: 4KB 64, 2MB 0, 4MB 0, 1GB 4
[    0.052035] Spectre V1 : Mitigation: usercopy/swapgs barriers and __user pointer sanitization
[    0.056011] Spectre V2 : Mitigation: Retpolines
[    0.060010] Spectre V2 : Spectre v2 / SpectreRSB mitigation: Filling RSB on context switch
[    0.064009] Spectre V2 : Spectre v2 / SpectreRSB : Filling RSB on VMEXIT
[    0.068009] RETBleed: WARNING: Spectre v2 mitigation leaves CPU vulnerable to RETBleed attacks, data leaks possible!
[    0.072008] RETBleed: Vulnerable
[    0.076011] Speculative Store Bypass: Vulnerable
[    0.080170] MDS: Mitigation: Clear CPU buffers
[    0.084009] MMIO Stale Data: Mitigation: Clear CPU buffers
[    0.088032] SRBDS: Unknown: Dependent on hypervisor status
[    0.101035] Freeing SMP alternatives memory: 36K
[    0.224010] APIC calibration not consistent with PM-Timer: 204ms instead of 100ms
[    0.228000] APIC delta adjusted to PM-Timer: 6249989 (12750726)
[    0.228420] smpboot: CPU0: Intel(R) Core(TM) i7-7700HQ CPU @ 2.80GHz (family: 0x6, model: 0x9e, stepping: 0x9)
[    0.232294] Performance Events: unsupported p6 CPU model 158 no PMU driver, software events only.
[    0.236313] Hierarchical SRCU implementation.
[    0.241126] NMI watchdog: Perf event create on CPU 0 failed with -2
[    0.244008] NMI watchdog: Perf NMI watchdog permanently disabled
[    0.248265] smp: Bringing up secondary CPUs ...
[    0.252010] smp: Brought up 1 node, 1 CPU
[    0.256050] smpboot: Max logical packages: 1
[    0.260000] smpboot: Total of 1 processors activated (5600.39 BogoMIPS)
[    0.260593] devtmpfs: initialized
[    0.264166] x86/mm: Memory block size: 128MB
[    0.268764] evm: security.selinux
[    0.272000] evm: security.SMACK64
[    0.272018] evm: security.SMACK64EXEC
[    0.276016] evm: security.SMACK64TRANSMUTE
[    0.280213] evm: security.SMACK64MMAP
[    0.284014] evm: security.apparmor
[    0.288014] evm: security.ima
[    0.292011] evm: security.capability
[    0.296101] clocksource: jiffies: mask: 0xffffffff max_cycles: 0xffffffff, max_idle_ns: 7645041785100000 ns
[    0.300031] futex hash table entries: 256 (order: 2, 16384 bytes)
[    0.304175] pinctrl core: initialized pinctrl subsystem
[    0.312380] RTC time:  9:12:28, date: 09/12/24
[    0.316419] NET: Registered protocol family 16
[    0.320000] audit: initializing netlink subsys (disabled)
[    0.320552] cpuidle: using governor ladder
[    0.324025] audit: type=2000 audit(1726132355.468:1): state=initialized audit_enabled=0 res=1
[    0.328019] cpuidle: using governor menu
[    0.332117] ACPI: bus type PCI registered
[    0.336000] acpiphp: ACPI Hot Plug PCI Controller Driver version: 0.5
[    0.336543] PCI: Using configuration type 1 for base access
[    0.342708] HugeTLB registered 2.00 MiB page size, pre-allocated 0 pages
[    0.345348] ACPI: Added _OSI(Module Device)
[    0.348020] ACPI: Added _OSI(Processor Device)
[    0.352013] ACPI: Added _OSI(3.0 _SCP Extensions)
[    0.356000] ACPI: Added _OSI(Processor Aggregator Device)
[    0.356033] ACPI: Added _OSI(Linux-Dell-Video)
[    0.360051] ACPI: Added _OSI(Linux-Lenovo-NV-HDMI-Audio)
[    0.364000] ACPI: Added _OSI(Linux-HPI-Hybrid-Graphics)
[    0.365029] ACPI: Executed 1 blocks of module-level executable AML code
[    0.375996] ACPI: Interpreter enabled
[    0.376000] ACPI: (supports S0 S5)
[    0.376010] ACPI: Using IOAPIC for interrupt routing
[    0.380000] PCI: Using host bridge windows from ACPI; if necessary, use "pci=nocrs" and report a bug
[    0.380443] ACPI: Enabled 2 GPEs in block 00 to 07
[    0.395856] ACPI: PCI Root Bridge [PCI0] (domain 0000 [bus 00-ff])
[    0.396025] acpi PNP0A03:00: _OSC: OS supports [ASPM ClockPM Segments MSI]
[    0.401929] acpi PNP0A03:00: _OSC: not requesting OS control; OS requires [ExtendedConfig ASPM ClockPM MSI]
[    0.404056] acpi PNP0A03:00: fail to add MMCONFIG information, can't access extended PCI configuration space under this bridge.
[    0.409946] PCI host bridge to bus 0000:00
[    0.412042] pci_bus 0000:00: root bus resource [io  0x0000-0x0cf7 window]
[    0.416016] pci_bus 0000:00: root bus resource [io  0x0d00-0xffff window]
[    0.420016] pci_bus 0000:00: root bus resource [mem 0x000a0000-0x000bffff window]
[    0.424014] pci_bus 0000:00: root bus resource [mem 0x40000000-0xfdffffff window]
[    0.428027] pci_bus 0000:00: root bus resource [bus 00-ff]
[    0.440000] pci 0000:00:01.1: legacy IDE quirk: reg 0x10: [io  0x01f0-0x01f7]
[    0.440012] pci 0000:00:01.1: legacy IDE quirk: reg 0x14: [io  0x03f6]
[    0.444014] pci 0000:00:01.1: legacy IDE quirk: reg 0x18: [io  0x0170-0x0177]
[    0.448070] pci 0000:00:01.1: legacy IDE quirk: reg 0x1c: [io  0x0376]
[    0.496000] pci 0000:00:07.0: quirk: [io  0x4000-0x403f] claimed by PIIX4 ACPI
[    0.496088] pci 0000:00:07.0: quirk: [io  0x4100-0x410f] claimed by PIIX4 SMB
[    0.516981] ACPI: PCI Interrupt Link [LNKA] (IRQs 5 9 10 *11)
[    0.520569] ACPI: PCI Interrupt Link [LNKB] (IRQs 5 9 *10 11)
[    0.524981] ACPI: PCI Interrupt Link [LNKC] (IRQs 5 *9 10 11)
[    0.528406] ACPI: PCI Interrupt Link [LNKD] (IRQs 5 9 10 *11)
[    0.533276] SCSI subsystem initialized
[    0.536293] pci 0000:00:02.0: vgaarb: setting as boot VGA device
[    0.540000] pci 0000:00:02.0: vgaarb: VGA device added: decodes=io+mem,owns=io+mem,locks=none
[    0.540012] pci 0000:00:02.0: vgaarb: bridge control possible
[    0.544000] vgaarb: loaded
[    0.544084] ACPI: bus type USB registered
[    0.548521] usbcore: registered new interface driver usbfs
[    0.552000] usbcore: registered new interface driver hub
[    0.554015] usbcore: registered new device driver usb
[    0.556173] EDAC MC: Ver: 3.0.0
[    0.561176] PCI: Using ACPI for IRQ routing
[    0.564000] NetLabel: Initializing
[    0.564012] NetLabel:  domain hash size = 128
[    0.568000] NetLabel:  protocols = UNLABELED CIPSOv4 CALIPSO
[    0.568292] NetLabel:  unlabeled traffic allowed by default
[    0.572302] clocksource: Switched to clocksource kvm-clock
[    0.642716] VFS: Disk quotas dquot_6.6.0
[    0.642716] VFS: Dquot-cache hash table entries: 512 (order 0, 4096 bytes)
[    0.657985] AppArmor: AppArmor Filesystem Enabled
[    0.665511] pnp: PnP ACPI init
[    0.673018] pnp: PnP ACPI: found 3 devices
[    0.687332] clocksource: acpi_pm: mask: 0xffffff max_cycles: 0xffffff, max_idle_ns: 2085701024 ns
[    0.698659] NET: Registered protocol family 2
[    0.702522] IP idents hash table entries: 16384 (order: 5, 131072 bytes)
[    0.710624] TCP established hash table entries: 8192 (order: 4, 65536 bytes)
[    0.713668] TCP bind hash table entries: 8192 (order: 5, 131072 bytes)
[    0.727228] TCP: Hash tables configured (established 8192 bind 8192)
[    0.735627] UDP hash table entries: 512 (order: 2, 16384 bytes)
[    0.742984] UDP-Lite hash table entries: 512 (order: 2, 16384 bytes)
[    0.756523] NET: Registered protocol family 1
[    0.760401] pci 0000:00:00.0: Limiting direct PCI/PCI transfers
[    0.813153] pci 0000:00:01.0: Activating ISA DMA hang workarounds
[    0.826554] pci 0000:00:02.0: Video device with shadowed ROM at [mem 0x000c0000-0x000dffff]
[    0.840074] Unpacking initramfs...
[    2.097443] Freeing initrd memory: 19528K
[    2.106616] clocksource: tsc: mask: 0xffffffffffffffff max_cycles: 0x285cfa38e65, max_idle_ns: 440795310855 ns
[    2.122702] platform rtc_cmos: registered platform RTC device (no PNP device found)
[    2.143081] Scanning for low memory corruption every 60 seconds
[    2.185602] Initialise system trusted keyrings
[    2.210325] Key type blacklist registered
[    2.215685] workingset: timestamp_bits=36 max_order=18 bucket_order=0
[    2.227270] zbud: loaded
[    2.227599] squashfs: version 4.0 (2009/01/31) Phillip Lougher
[    2.246329] fuse init (API version 7.26)
[    2.249641] Key type asymmetric registered
[    2.258575] Asymmetric key parser 'x509' registered
[    2.283664] Block layer SCSI generic (bsg) driver version 0.4 loaded (major 246)
[    2.287532] io scheduler noop registered
[    2.300092] io scheduler deadline registered
[    2.308119] io scheduler cfq registered (default)
[    2.315473] ACPI: AC Adapter [AC] (on-line)
[    2.318250] input: Power Button as /devices/LNXSYSTM:00/LNXPWRBN:00/input/input0
[    2.336118] ACPI: Power Button [PWRF]
[    2.344263] input: Sleep Button as /devices/LNXSYSTM:00/LNXSLPBN:00/input/input1
[    2.356040] ACPI: Sleep Button [SLPF]
[    2.364628] Serial: 8250/16550 driver, 32 ports, IRQ sharing enabled
[    2.374020] ACPI: Battery Slot [BAT0] (battery present)
[    2.412071] 00:02: ttyS0 at I/O 0x3f8 (irq = 4, base_baud = 115200) is a 16550A
[    2.414868] Linux agpgart interface v0.103
[    2.428799] loop: module loaded
[    2.435055] scsi host0: ata_piix
[    2.438340] scsi host1: ata_piix
[    2.438340] ata1: PATA max UDMA/33 cmd 0x1f0 ctl 0x3f6 bmdma 0xd000 irq 14
[    2.450093] ata2: PATA max UDMA/33 cmd 0x170 ctl 0x376 bmdma 0xd008 irq 15
[    2.459803] tun: Universal TUN/TAP device driver, 1.6
[    2.467665] PPP generic driver version 2.4.2
[    2.471514] ehci_hcd: USB 2.0 'Enhanced' Host Controller (EHCI) Driver
[    2.479990] ehci-pci: EHCI PCI platform driver
[    2.484992] ehci-platform: EHCI generic platform driver
[    2.488830] ohci_hcd: USB 1.1 'Open' Host Controller (OHCI) Driver
[    2.499662] ohci-pci: OHCI PCI platform driver
[    2.504788] ohci-platform: OHCI generic platform driver
[    2.508719] uhci_hcd: USB Universal Host Controller Interface driver
[    2.516702] i8042: PNP: PS/2 Controller [PNP0303:PS2K,PNP0f03:PS2M] at 0x60,0x64 irq 1,12
[    2.530134] serio: i8042 KBD port at 0x60,0x64 irq 1
[    2.541196] serio: i8042 AUX port at 0x60,0x64 irq 12
[    2.548866] mousedev: PS/2 mouse device common for all mice
[    2.557397] input: AT Translated Set 2 keyboard as /devices/platform/i8042/serio0/input/input2
[    2.569572] rtc_cmos rtc_cmos: rtc core: registered rtc_cmos as rtc0
[    2.578420] rtc_cmos rtc_cmos: alarms up to one day, 114 bytes nvram
[    2.589392] i2c /dev entries driver
[    2.593304] device-mapper: uevent: version 1.0.3
[    2.601308] device-mapper: ioctl: 4.37.0-ioctl (2017-09-20) initialised: dm-devel@redhat.com
[    2.733804] ledtrig-cpu: registered to indicate activity on CPUs
[    2.744422] intel_pmc_core:  initialized
[    2.748212] NET: Registered protocol family 10
[    2.770489] Segment Routing with IPv6
[    2.781492] NET: Registered protocol family 17
[    2.816507] Key type dns_resolver registered
[    2.820234] mce: Using 0 MCE banks
[    2.828329] RAS: Correctable Errors collector initialized.
[    2.835585] sched_clock: Marking stable (2835385159, 0)->(5662238312, -2826853153)
[    2.852173] registered taskstats version 1
[    2.857068] Loading compiled-in X.509 certificates
[    2.869249] Loaded X.509 cert 'Build time autogenerated kernel key: b5b26778eaa3ab3a4a6cee031137706e947d12ad'
[    2.883773] Loaded X.509 cert 'Canonical Ltd. Live Patch Signing: 14df34d1a87cf37625abec039ef2bf521249b969'
[    2.900139] Loaded X.509 cert 'Canonical Ltd. Kernel Module Signing: 88f752e560a1e0737e31163a466ad7b70a850c19'
[    2.919697] blacklist: Loading compiled-in revocation X.509 certificates
[    2.929147] Loaded X.509 cert 'Canonical Ltd. Secure Boot Signing: 61482aa2830d0ab2ad5af10b7250da9033ddcef0'
[    2.944349] Loaded X.509 cert 'Canonical Ltd. Secure Boot Signing (2017): 242ade75ac4a15e50d50c84b0d45ff3eae707a03'
[    2.954339] Loaded X.509 cert 'Canonical Ltd. Secure Boot Signing (ESM 2018): 365188c1d374d6b07c3c8f240f8ef722433d6a8b'
[    2.966399] Loaded X.509 cert 'Canonical Ltd. Secure Boot Signing (2019): c0746fd6c5da3ae827864651ad66ae47fe24b3e8'
[    2.996194] Loaded X.509 cert 'Canonical Ltd. Secure Boot Signing (2021 v1): a8d54bbb3825cfb94fa13c9f8a594a195c107b8d'
[    3.020066] Loaded X.509 cert 'Canonical Ltd. Secure Boot Signing (2021 v2): 4cf046892d6fd3c9a5b03f98d845f90851dc6a8c'
[    3.032077] Loaded X.509 cert 'Canonical Ltd. Secure Boot Signing (2021 v3): 100437bb6de6e469b581e61cd66bce3ef4ed53af'
[    3.044637] Loaded X.509 cert 'Canonical Ltd. Secure Boot Signing (Ubuntu Core 2019): c1d57b8f6b743f23ee41f4f7ee292f06eecadfb9'
[    3.058313] zswap: loaded using pool lzo/zbud
[    3.073782] Key type big_key registered
[    3.079969] Key type trusted registered
[    3.088762] Key type encrypted registered
[    3.095249] AppArmor: AppArmor sha1 policy hashing enabled
[    3.106803] ima: No TPM chip found, activating TPM-bypass! (rc=-19)
[    3.119354] ima: Allocated hash algorithm: sha1
[    3.124172] evm: HMAC attrs: 0x1
[    3.131394]   Magic number: 8:42:222
[    3.138654] rtc_cmos rtc_cmos: setting system clock to 2024-09-12 09:12:31 UTC (1726132351)
[    3.148657] BIOS EDD facility v0.16 2004-Jun-25, 0 devices found
[    3.155626] EDD information not available.
[    3.170710] Freeing unused kernel image memory: 2480K
[    3.184132] Write protecting the kernel read-only data: 20480k
[    3.198386] Freeing unused kernel image memory: 2008K
[    3.225633] Freeing unused kernel image memory: 1820K
[    3.261355] x86/mm: Checked W+X mappings: passed, no W+X pages found.
[    3.278597] x86/mm: Checking user space page tables
[    3.299971] x86/mm: Checked W+X mappings: passed, no W+X pages found.
Loading, please wait...
starting version 237
[    4.081776] Fusion MPT base driver 3.04.20
[    4.087431] Copyright (c) 1999-2008 LSI Corporation
[    4.099141] e1000: Intel(R) PRO/1000 Network Driver - version 7.3.21-k8-NAPI
[    4.107783] e1000: Copyright (c) 1999-2006 Intel Corporation.
[    4.147165] AVX2 version of gcm_enc/dec engaged.
[    4.154350] AES CTR mode by8 optimization enabled
[    4.206052] Fusion MPT SPI Host driver 3.04.20
[    4.331717] input: ImExPS/2 Generic Explorer Mouse as /devices/platform/i8042/serio1/input/input4
[    4.995386] e1000 0000:00:03.0 eth0: (PCI:33MHz:32-bit) 02:3b:7b:b7:3b:2d
[    5.002893] e1000 0000:00:03.0 eth0: Intel(R) PRO/1000 Network Connection
[    5.013856] mptbase: ioc0: Initiating bringup
[    5.118200] ioc0: LSI53C1030 A0: Capabilities={Initiator}
[    5.371054] scsi host2: ioc0: LSI53C1030 A0, FwRev=00000000h, Ports=1, MaxQ=256, IRQ=20
[    5.548990] scsi 2:0:0:0: Direct-Access     VBOX     HARDDISK         1.0  PQ: 0 ANSI: 5
[    5.561371] scsi target2:0:0: Beginning Domain Validation
[    5.571234] scsi target2:0:0: Domain Validation skipping write tests
[    5.578399] scsi target2:0:0: Ending Domain Validation
[    5.585669] scsi target2:0:0: asynchronous
[    5.591304] scsi 2:0:1:0: Direct-Access     VBOX     HARDDISK         1.0  PQ: 0 ANSI: 5
[    5.599639] scsi target2:0:1: Beginning Domain Validation
[    5.717982] scsi target2:0:1: Domain Validation skipping write tests
[    5.724741] scsi target2:0:1: Ending Domain Validation
[    5.748085] scsi target2:0:1: asynchronous
[    5.922694] sd 2:0:0:0: [sda] 83886080 512-byte logical blocks: (42.9 GB/40.0 GiB)
[    5.931914] sd 2:0:0:0: Attached scsi generic sg0 type 0
[    5.956986] sd 2:0:1:0: [sdb] 20480 512-byte logical blocks: (10.5 MB/10.0 MiB)
[    5.965302] sd 2:0:0:0: [sda] Write Protect is off
[    5.971421] sd 2:0:1:0: Attached scsi generic sg1 type 0
[    5.997076] sd 2:0:0:0: [sda] Incomplete mode parameter data
[    6.003585] sd 2:0:0:0: [sda] Assuming drive cache: write through
[    6.015386] sd 2:0:1:0: [sdb] Write Protect is off
[    6.021424] sd 2:0:1:0: [sdb] Incomplete mode parameter data
[    6.028115] sd 2:0:1:0: [sdb] Assuming drive cache: write through
[    6.101040]  sda: sda1
[    6.117753] sd 2:0:0:0: [sda] Attached SCSI disk
[    6.122601] sd 2:0:1:0: [sdb] Attached SCSI disk
[    6.471848] e1000 0000:00:08.0 eth1: (PCI:33MHz:32-bit) 08:00:27:a2:76:1e
[    6.484532] e1000 0000:00:08.0 eth1: Intel(R) PRO/1000 Network Connection
[    6.497076] e1000 0000:00:08.0 enp0s8: renamed from eth1
[    6.520204] e1000 0000:00:03.0 enp0s3: renamed from eth0
Begin: Loading essential drivers ... [    9.865046] raid6: sse2x1   gen()  8122 MB/s
[    9.924799] raid6: sse2x1   xor()  5741 MB/s
[    9.985082] raid6: sse2x2   gen()  9208 MB/s
[   10.045147] raid6: sse2x2   xor()  6876 MB/s
[   10.104987] raid6: sse2x4   gen() 11367 MB/s
[   10.165697] raid6: sse2x4   xor()  7268 MB/s
[   10.225903] raid6: avx2x1   gen() 13279 MB/s
[   10.276238] raid6: avx2x1   xor()  9368 MB/s
[   10.336017] raid6: avx2x2   gen() 16206 MB/s
[   10.388609] raid6: avx2x2   xor()  6460 MB/s
[   10.455747] raid6: avx2x4   gen() 13180 MB/s
[   10.516312] raid6: avx2x4   xor()  9745 MB/s
[   10.522662] raid6: using algorithm avx2x2 gen() 16206 MB/s
[   10.529909] raid6: .... xor() 6460 MB/s, rmw enabled
[   10.535346] raid6: using avx2x2 recovery algorithm
[   10.543156] xor: automatically using best checksumming function   avx       
[   10.557123] async_tx: api initialized (async)
done.
Begin: Running /scripts/init-premount ... done.
Begin: Mounting root file system ... Begin: Running /scripts/local-top ... done.
Begin: Running /scripts/local-premount ... [   10.847257] Btrfs loaded, crc32c=crc32c-intel
Scanning for Btrfs filesystems
done.
Warning: fsck not present, so skipping root file system
[   10.940396] EXT4-fs (sda1): mounted filesystem with ordered data mode. Opts: (null)
done.
Begin: Running /scripts/local-bottom ... done.
Begin: Running /scripts/init-bottom ... done.
[   11.675192] ip_tables: (C) 2000-2006 Netfilter Core Team
[   11.757144] systemd[1]: systemd 237 running in system mode. (+PAM +AUDIT +SELINUX +IMA +APPARMOR +SMACK +SYSVINIT +UTMP +LIBCRYPTSETUP +GCRYPT +GNUTLS +ACL +XZ +LZ4 +SECCOMP +BLKID +ELFUTILS +KMOD -IDN2 +IDN -PCRE2 default-hierarchy=hybrid)
[   11.841260] systemd[1]: Detected virtualization oracle.
[   11.864967] systemd[1]: Detected architecture x86-64.

Welcome to [1mUbuntu 18.04.6 LTS[0m!

[   11.897171] systemd[1]: Set hostname to <ubuntu>.
[   11.913771] systemd[1]: Initializing machine ID from random generator.
[   11.924344] systemd[1]: Installed transient /etc/machine-id file.
[   12.747171] systemd[1]: Reached target System Time Synchronized.
[[0;32m  OK  [0m] Reached target System Time Synchronized.
[   12.759426] systemd[1]: Set up automount Arbitrary Executable File Formats File System Automount Point.
[[0;32m  OK  [0m] Set up automount Arbitrary Executab…rmats File System Automount Point.
[   12.777249] systemd[1]: Reached target User and Group Name Lookups.
[[0;32m  OK  [0m] Reached target User and Group Name Lookups.
[   12.792886] systemd[1]: Created slice User and Session Slice.
[[0;32m  OK  [0m] Created slice User and Session Slice.
[[0;32m  OK  [0m] Reached target Mounting snaps.
[[0;32m  OK  [0m] Reached target Mounted snaps.
[[0;32m  OK  [0m] Created slice System Slice.
[[0;32m  OK  [0m] Listening on Syslog Socket.
[[0;32m  OK  [0m] Listening on Journal Socket.
         Starting Set the console keyboard layout...
         Starting Uncomplicated firewall...
         Mounting POSIX Message Queue File System...
[[0;32m  OK  [0m] Listening on Device-mapper event daemon FIFOs.
[[0;32m  OK  [0m] Reached target Slices.
[[0;32m  OK  [0m] Listening on Journal Audit Socket.
[[0;32m  OK  [0m] Listening on Network Service Netlink Socket.
[[0;32m  OK  [0m] Listening on Journal Socket (/dev/log).
         Starting Journal Service...
[[0;32m  OK  [0m] Listening on fsck to fsckd communication Socket.
         Starting File System Check on Root Device...
[[0;32m  OK  [0m] Listening on LVM2 metadata daemon socket.
         Starting Monitoring of LVM2 mirrors…ng dmeventd or progress polling...
[[0;32m  OK  [0m] Listening on udev Kernel Socket.
[[0;32m  OK  [0m] Listening on udev Control Socket.
[[0;32m  OK  [0m] Listening on /dev/initctl Compatibility Named Pipe.
         Starting Create list of required st…ce nodes for the current kernel...
         Starting udev Coldplug all Devices...
         Starting Load Kernel Modules...
[[0;32m  OK  [0m] Listening on LVM2 poll daemon socket.
[[0;32m  OK  [0m] Created slice system-serial\x2dgetty.slice.
         Mounting Huge Pages File System...
         Mounting Kernel Debug File System...
[[0;32m  OK  [0m] Started Forward Password Requests to Wall Directory Watch.
[[0;32m  OK  [0m] Reached target Swap.
[[0;32m  OK  [0m] Started Uncomplicated firewall.
[[0;32m  OK  [0m] Mounted POSIX Message Queue File System.
[[0;32m  OK  [0m] Mounted Huge Pages File System.
[[0;32m  OK  [0m] Mounted Kernel Debug File System.
[[0;32m  OK  [0m] Started File System Check Daemon to report status.
[   13.391950] Loading iSCSI transport class v2.0-870.
[[0;32m  OK  [0m] Started LVM2 metadata daemon.
[[0;32m  OK  [0m] Started Create list of required sta…vice nodes for the current kernel.
         Starting Create Static Device Nodes in /dev...
[[0;32m  OK  [0m] Started File System Check on Root Device.
         [   13.660913] iscsi: registered transport (tcp)
Starting Remount Root and Kernel File Systems...
[[0;32m  OK  [0m] Started Monitoring of LVM2 mirrors,…sing dmeventd or progress polling.
[   13.757945] EXT4-fs (sda1): re-mounted. Opts: (null)
[[0;32m  OK  [0m] Started Journal Service.
[[0;32m  OK  [0m] Started Create Static Device Nodes in /dev.
[[0;32m  OK  [0m] Started Remount Root and Kernel File Systems.
         Starting udev Kernel Device Manager...
         Starting Flush Journal to Persistent Storage...
         Starting Load/Save Random Seed...
[[0;32m  OK  [0m] Started udev Kernel Device Manager.
[   14.041403] systemd-journald[392]: Received request to flush runtime journal from PID 1
[[0;32m  OK  [0m] Started udev Coldplug all Devices.
[[0;32m  OK  [0m] Started Load/Save Random Seed.
[   14.234343] iscsi: registered transport (iser)
[[0;32m  OK  [0m] Started Flush Journal to Persistent Storage.
[[0;32m  OK  [0m] Started Load Kernel Modules.
         Mounting FUSE Control File System...
         Mounting Kernel Configuration File System...
         Starting Apply Kernel Variables...
[[0;32m  OK  [0m] Mounted FUSE Control File System.
[[0;32m  OK  [0m] Mounted Kernel Configuration File System.
[[0;32m  OK  [0m] Started Apply Kernel Variables.
[[0;32m  OK  [0m] Found device /dev/ttyS0.
[[0;32m  OK  [0m] Listening on Load/Save RF Kill Switch Status /dev/rfkill Watch.
         Mounting Arbitrary Executable File Formats File System...
[[0;32m  OK  [0m] Started Set the console keyboard layout.
[[0;32m  OK  [0m] Mounted Arbitrary Executable File Formats File System.
[[0;32m  OK  [0m] Reached target Local File Systems (Pre).
[[0;32m  OK  [0m] Reached target Local File Systems.
         Starting AppArmor initialization...
         Starting Commit a transient machine-id on disk...
         Starting ebtables ruleset management...
         Starting Tell Plymouth To Write Out Runtime Data...
         Starting Set console font and keymap...
         Starting Create Volatile Files and Directories...
[[0;32m  OK  [0m] Started Dispatch Password Requests to Console Directory Watch.
[[0;32m  OK  [0m] Reached target Local Encrypted Volumes.
[[0;32m  OK  [0m] Started Tell Plymouth To Write Out Runtime Data.
[[0;32m  OK  [0m] Started Commit a transient machine-id on disk.
[[0;32m  OK  [0m] Started Create Volatile Files and Directories.
         Starting Update UTMP about System Boot/Shutdown...
[[0;32m  OK  [0m] Started Update UTMP about System Boot/Shutdown.
[[0;32m  OK  [0m] Started ebtables ruleset management.
[[0;32m  OK  [0m] Started AppArmor initialization.
         Starting Initial cloud-init job (pre-networking)...
         Starting Load AppArmor profiles managed internally by snapd...
[[0;32m  OK  [0m] Started Load AppArmor profiles managed internally by snapd.
[[0;32m  OK  [0m] Started Set console font and keymap.
[   29.093744] cloud-init[751]: Cloud-init v. 23.1.2-0ubuntu0~18.04.1 running 'init-local' at Thu, 12 Sep 2024 09:12:56 +0000. Up 28.07 seconds.
[[0;32m  OK  [0m] Started Initial cloud-init job (pre-networking).
[[0;32m  OK  [0m] Reached target Network (Pre).
         Starting Network Service...
[[0;32m  OK  [0m] Started Network Service.
         Starting Wait for Network to be Configured...
         Starting Network Name Resolution...
[[0;32m  OK  [0m] Started Network Name Resolution.
[[0;32m  OK  [0m] Reached target Host and Network Name Lookups.
[[0;32m  OK  [0m] Reached target Network.
[[0;32m  OK  [0m] Started Wait for Network to be Configured.
         Starting Initial cloud-init job (metadata service crawler)...
[   31.820746] cloud-init[870]: Cloud-init v. 23.1.2-0ubuntu0~18.04.1 running 'init' at Thu, 12 Sep 2024 09:12:59 +0000. Up 31.43 seconds.
[   31.836002] cloud-init[870]: ci-info: ++++++++++++++++++++++++++++++++++++++Net device info+++++++++++++++++++++++++++++++++++++++
[   31.853436] cloud-init[870]: ci-info: +--------+-------+----------------------------+---------------+--------+-------------------+
[   31.865166] cloud-init[870]: ci-info: | Device |   Up  |          Address           |      Mask     | Scope  |     Hw-Address    |
[   31.891023] cloud-init[870]: ci-info: +--------+-------+----------------------------+---------------+--------+-------------------+
[   31.919748] cloud-init[870]: ci-info: | enp0s3 |  True |         10.0.2.15          | 255.255.255.0 | global | 02:3b:7b:b7:3b:2d |
[   31.927461] cloud-init[870]: ci-info: | enp0s3 |  True | fe80::3b:7bff:feb7:3b2d/64 |       .       |  link  | 02:3b:7b:b7:3b:2d |
[   31.939775] cloud-init[870]: ci-info: | enp0s8 | False |             .              |       .       |   .    | 08:00:27:a2:76:1e |
[   31.962235] cloud-init[870]: ci-info: |   lo   |  True |         127.0.0.1          |   255.0.0.0   |  host  |         .         |
[   31.976658] cloud-init[870]: ci-info: |   lo   |  True |          ::1/128           |       .       |  host  |         .         |
[   31.993723] cloud-init[870]: ci-info: +--------+-------+----------------------------+---------------+--------+-------------------+
[   32.006346] cloud-init[870]: ci-info: ++++++++++++++++++++++++++++Route IPv4 info+++++++++++++++++++++++++++++
[   32.023530] cloud-init[870]: ci-info: +-------+-------------+----------+-----------------+-----------+-------+
[   32.036179] cloud-init[870]: ci-info: | Route | Destination | Gateway  |     Genmask     | Interface | Flags |
[   32.056725] cloud-init[870]: ci-info: +-------+-------------+----------+-----------------+-----------+-------+
[   32.069181] cloud-init[870]: ci-info: |   0   |   0.0.0.0   | 10.0.2.2 |     0.0.0.0     |   enp0s3  |   UG  |
[   32.096724] cloud-init[870]: ci-info: |   1   |   10.0.2.0  | 0.0.0.0  |  255.255.255.0  |   enp0s3  |   U   |
[   32.108148] cloud-init[870]: ci-info: |   2   |   10.0.2.2  | 0.0.0.0  | 255.255.255.255 |   enp0s3  |   UH  |
[   32.130747] cloud-init[870]: ci-info: +-------+-------------+----------+-----------------+-----------+-------+
[   32.138203] cloud-init[870]: ci-info: +++++++++++++++++++Route IPv6 info+++++++++++++++++++
[   32.152997] cloud-init[870]: ci-info: +-------+-------------+---------+-----------+-------+
[   32.160791] cloud-init[870]: ci-info: | Route | Destination | Gateway | Interface | Flags |
[   32.171418] cloud-init[870]: ci-info: +-------+-------------+---------+-----------+-------+
[   32.186749] cloud-init[870]: ci-info: |   1   |  fe80::/64  |    ::   |   enp0s3  |   U   |
[   32.199990] cloud-init[870]: ci-info: |   3   |    local    |    ::   |   enp0s3  |   U   |
[   32.211992] cloud-init[870]: ci-info: |   4   |   ff00::/8  |    ::   |   enp0s3  |   U   |
[   32.222433] cloud-init[870]: ci-info: +-------+-------------+---------+-----------+-------+
[   33.489054] cloud-init[870]: Generating public/private rsa key pair.
[   33.500092] cloud-init[870]: Your identification has been saved in /etc/ssh/ssh_host_rsa_key.
[   33.520416] cloud-init[870]: Your public key has been saved in /etc/ssh/ssh_host_rsa_key.pub.
[   33.526666] cloud-init[870]: The key fingerprint is:
[   33.542405] cloud-init[870]: SHA256:B81YqW9vPdxXd3gqvmfsLKWWiCI4kmDFCHtMuV22LRk root@ubuntu-bionic
[   33.556804] cloud-init[870]: The key's randomart image is:
[   33.571640] cloud-init[870]: +---[RSA 2048]----+
[   33.591205] cloud-init[870]: |   .      ..     |
[   33.594132] cloud-init[870]: |. o   E  =.      |
[   33.610905] cloud-init[870]: |.+oo o =o.o      |
[   33.646079] cloud-init[870]: |..+o. + o.       |
[   33.650234] cloud-init[870]: | ..    .S..    . |
[   33.662460] cloud-init[870]: |..       .o   o =|
[   33.680143] [[0;32m  OK  [0m] Started Initial cloud-init job (metadata service crawler).
[[0;32m  OK  [0m] cloud-init[870]: |o. .     o o B ++|
[   33.694206] cloud-init[870]: |o o . . . . O.O o|
[   33.699658] Reached target System Initialization.
[[0;32m  OK  [0m] Started Daily Cleanup of Temporary Directories.
cloud-init[870]: | . . . .   +oBo..|
[[0;32m  OK  [0m] Listening on UUID daemon activation socket.
[[0;32m  OK  [0m] Started Daily apt download activities.
[   33.732562] cloud-init[870]: +----[SHA256]-----+
[[0;32m  OK  [0m] Started Ubuntu Advantage Timer for running repeated jobs.
[[0;32m  OK  [0m] Started ACPI Events Check.[   33.753475] cloud-init[870]: Generating public/private dsa key pair.
[   33.758728] cloud-init[870]: Your identification has been saved in /etc/ssh/ssh_host_dsa_key.
[[0;32m  OK  [0m] Started Daily apt upgrade and clean activities.
[[0;32m  OK  [0m] Started Discard unused blocks once a week.
[[0;32m  OK  [0m] Listening on Open-iSCSI iscsid Socket.

[   33.787152] cloud-init[870]: Your public key has been saved in /etc/ssh/ssh_host_dsa_key.pub.[[0;32m  OK  [0m] Started Message of the Day.
[[0;32m  OK  [0m] Reached target Timers.

[   33.802319] cloud-init[870]: The key fingerprint is:
[   33.807264] cloud-init[870]: SHA256:lZA2sAjQeBMvnVubj8USxZcuLSpuU7j7UIUeSZwtwJk root@ubuntu-bionic[[0;32m  OK  [0m] Listening on D-Bus System Message Bus Socket.
         
[   33.824094] cloud-init[870]: The key's randomart image is:
[   33.828763] cloud-init[870]: +---[DSA 1024]----+Starting Socket activation for snappy daemon.
[[0;32m  OK  [0m] Reached target Paths.
[   33.843351] cloud-init[870]: |.+oo.=o=o. .     |
[   33.848626] cloud-init[870]: |. ++E++=*.o.     |
[   33.850974] cloud-init[870]: | ...= Bo.=o      |
[   33.851205] cloud-init[870]: |   . + Bo.o      |
[   33.851336] cloud-init[870]: |    ..*.So       |
[   33.851418] cloud-init[870]: |    o.o=         |
[   33.851497] cloud-init[870]: |   ..+. .        |
[   33.851567] cloud-init[870]: |    =.           |
[   33.851646] cloud-init[870]: |   ..+.          |
[   33.855109] cloud-init[870]: +----[SHA256]-----+
[   33.855304] cloud-init[870]: Generating public/private ecdsa key pair.
[   33.855383] cloud-init[870]: Your identification has been saved in /etc/ssh/ssh_host_ecdsa_key.
[   33.855443] cloud-init[870]: Your public key has been saved in /etc/ssh/ssh_host_ecdsa_key.pub.
[   33.855512] cloud-init[870]: The key fingerprint is:
[   33.855570] cloud-init[870]: SHA256:EWhdFPZb4pC9nDOVJbwkPAVC4LwYjxiownbWpXFsErw root@ubuntu-bionic
[   33.855632] cloud-init[870]: The key's randomart image is:
[   33.855689] cloud-init[870]: +---[ECDSA 256]---+
[   33.855747] cloud-init[870]: |    .. oo=Bo.+o .|
[   33.856262] cloud-init[870]: |   . .=o.o =+ o+ |
[   33.856486] cloud-init[870]: |  . .+o=+ o +++. |
[   33.856561] cloud-init[870]: |..  .EB= o + B.  |
[   33.856610] cloud-init[870]: |oo o.oo S   O    |
[   33.856716] cloud-init[870]: |o o          o   |
[   33.856767] cloud-init[870]: |                 |
[   33.856816] cloud-init[870]: |                 |

[[0;32m  OK  [0m] Listening on cloud-init hotplug hook socket.[   33.922807] cloud-init[870]: |                 |
[   33.927490] cloud-init[870]: +----[SHA256]-----+

         Starting LXD - unix socket.
[[0;32m  OK  [0m] [   33.941631] cloud-init[870]: Generating public/private ed25519 key pair.
[   33.948518] cloud-initListening on ACPID Listen Socket.
[[0;32m  OK  [0m] Reached target Network is Online.[870]: Your identification has been saved in /etc/ssh/ssh_host_ed25519_key.
[   33.970246] 
cloud-init         Starting Availability of block devices...
[[0;32m  OK  [0m[870]: Your public key has been saved in /etc/ssh/ssh_host_ed25519_key.pub.
] Reached target Remote File Systems (Pre).
[[0;32m  OK  [0m] Reached target Remote File Systems.
[   34.013595] cloud-init[870]: The key fingerprint is:
[   34.017850] cloud-init[870]: SHA256:2FC6wc4gYskJwCgAqDu/9z1CYYHP2jMlsp83gzg/0I0 root@ubuntu-bionic[[0;32m  OK  [0m] Reached target Cloud-config availability.
[[0;32m  OK  [0m] Listening on Socket activation for snappy daemon.
[[0;32m  OK  [0m
[   34.056017] cloud-init[870]: The key's randomart image is:
[   34.061512] ] Listening on LXD - unix socket.
[[0;32m  OK  [0m] Started Availability of block devices.
[[0;32m  OK  [0m] Reached target Sockets.
[[0;32m  OK  [0m] Reached target Basic System.
cloud-init[870]:          Starting Pollinate to seed the pseudo random number generator...
+--[ED25519 256]--+
         Starting Accounts Service...[   34.116726] 
cloud-init         Starting LSB: automatic crash report generation...
         Starting Virtualbox guest utils...
[870]: [[0;32m  OK  [0m] Started D-Bus System Message Bus.
|%    .  .        |
[   34.178058] cloud-init[870]: |*.o ...o         |
[   34.193815] cloud-init[870]: |+=. .o=.         |
[   34.212313] cloud-init[870]: |o. ..+**.        |
         Starting System Logging Service...
[[0;32m  OK  [0m] [   34.249445] cloud-init[870]: Reached target Login Prompts (Pre).
[[0;32m  OK  [0m] Started FUSE filesystem for LXC.
         Starting Login Service...
         Starting LSB: Record successful boot for GRUB...
         Starting Permit User Sessions...
| .   B=*S        |
[   34.359018] cloud-init[870]: |o   + E .        |
         Starting Dispatcher daemon for systemd-networkd...
[[0;32m  OK  [0m[   34.373737] cloud-init] Started Deferred execution scheduler.
[870]: | o   = =         |
[   34.424808] cloud-init[870]: |  . + *.=        |
[   34.444695] cloud-init[870]: |  .o +o+.+       |
[   34.464523] cloud-init[870]: +----[SHA256]-----+
[[0;32m  OK  [0m] Started irqbalance daemon.
[[0;32m  OK  [0m] Started Regular background program processing daemon.
         Starting LXD - container startup/shutdown...
         Starting Snap Daemon...
[[0;32m  OK  [0m] Started System Logging Service.
[[0;32m  OK  [0m] Started Permit User Sessions.
[[0;32m  OK  [0m] Started Login Service.
[[0;32m  OK  [0m] Started Unattended Upgrades Shutdown.
         Starting Authorization Manager...
         Starting Hold until boot process finishes up...
         Starting Terminate Plymouth Boot Screen...
[[0;32m  OK  [0m] Started Hold until boot process finishes up.
[[0;32m  OK  [0m] Started Serial Getty on ttyS0.
         Starting Set console scheme...
[[0;32m  OK  [0m] Started Terminate Plymouth Boot Screen.
[[0;32m  OK  [0m] Started LSB: automatic crash report generation.
[[0;32m  OK  [0m] Started Set console scheme.
[[0;32m  OK  [0m] Created slice system-getty.slice.
[[0;32m  OK  [0m] Started Getty on tty1.
[[0;32m  OK  [0m] Reached target Login Prompts.
[[0;32m  OK  [0m] Started Authorization Manager.
[[0;32m  OK  [0m] Started Accounts Service.
[[0;32m  OK  [0m] Started LSB: Record successful boot for GRUB.
[[0;32m  OK  [0m] Started LXD - container startup/shutdown.
[[0;32m  OK  [0m] Started Virtualbox guest utils.
[[0;32m  OK  [0m] Started Dispatcher daemon for systemd-networkd.
[[0;32m  OK  [0m] Started Snap Daemon.
         Starting Wait until snapd is fully seeded...
[[0;32m  OK  [0m] Started Pollinate to seed the pseudo random number generator.
         Starting OpenBSD Secure Shell server...
[[0;32m  OK  [0m] Started OpenBSD Secure Shell server.
         Starting Time & Date Service...
[[0;32m  OK  [0m] Started Time & Date Service.

Ubuntu 18.04.6 LTS ubuntu-bionic ttyS0

ubuntu-bionic login: [   50.543206] cloud-init[1327]: Cloud-init v. 23.1.2-0ubuntu0~18.04.1 running 'modules:config' at Thu, 12 Sep 2024 09:13:16 +0000. Up 48.43 seconds.
ci-info: no authorized SSH keys fingerprints found for user ubuntu.
<14>Sep 12 09:13:22 cloud-init: #############################################################
<14>Sep 12 09:13:22 cloud-init: -----BEGIN SSH HOST KEY FINGERPRINTS-----
<14>Sep 12 09:13:22 cloud-init: 1024 SHA256:lZA2sAjQeBMvnVubj8USxZcuLSpuU7j7UIUeSZwtwJk root@ubuntu-bionic (DSA)
<14>Sep 12 09:13:22 cloud-init: 256 SHA256:EWhdFPZb4pC9nDOVJbwkPAVC4LwYjxiownbWpXFsErw root@ubuntu-bionic (ECDSA)
<14>Sep 12 09:13:22 cloud-init: 256 SHA256:2FC6wc4gYskJwCgAqDu/9z1CYYHP2jMlsp83gzg/0I0 root@ubuntu-bionic (ED25519)
<14>Sep 12 09:13:22 cloud-init: 2048 SHA256:B81YqW9vPdxXd3gqvmfsLKWWiCI4kmDFCHtMuV22LRk root@ubuntu-bionic (RSA)
<14>Sep 12 09:13:22 cloud-init: -----END SSH HOST KEY FINGERPRINTS-----
<14>Sep 12 09:13:22 cloud-init: #############################################################
-----BEGIN SSH HOST KEY KEYS-----
ecdsa-sha2-nistp256 AAAAE2VjZHNhLXNoYTItbmlzdHAyNTYAAAAIbmlzdHAyNTYAAABBBJ/nYKUITZjFDUcKA8IwMVWtIucbimUW4s0AWOlGoy5+/ybM5SygChrq2jaiXFJB3W5nY7VveU4ZltYuuyhw1bM= root@ubuntu-bionic
ssh-ed25519 AAAAC3NzaC1lZDI1NTE5AAAAIE7nKGGGIE9JfFXIg59vGsH9BqlfqRriPUcj6IuA6oZi root@ubuntu-bionic
ssh-rsa AAAAB3NzaC1yc2EAAAADAQABAAABAQDCCKvpYhkD0FX9DTvBylFKLvUFWRscWM5wMiNXMs1pgWvXFYt/SSJQ4k4hBIwYveBBxS9s3+gqeE9/hHIHeemQf9GMIcR1ImuJlVS/FNEBF+xbrq4GaOnI6OrfUEEsQw6vdbbK289CCW24EQIu14k2p7CERLNdVBsry9zw+O6Gw/Ra3KQzM+a9+ek94NNBMmUF9mBoCFpH6tzAafava25cNoUB11ozA5gXYXJ2ynJ92iu+5hEpPVe4WRxZx9syQvkuJriP/V6FhPZP1Z375KDsrXzjdNyM2zXgFHSGYDd5fQ9Vausw0gJnw5cVCGXwSEK1P085k1nC3Y8CsJ01IG0J root@ubuntu-bionic
-----END SSH HOST KEY KEYS-----
[   54.786122] cloud-init[1460]: Cloud-init v. 23.1.2-0ubuntu0~18.04.1 running 'modules:final' at Thu, 12 Sep 2024 09:13:21 +0000. Up 53.53 seconds.
[   54.813093] cloud-init[1460]: Cloud-init v. 23.1.2-0ubuntu0~18.04.1 finished at Thu, 12 Sep 2024 09:13:23 +0000. Datasource DataSourceNoCloud [seed=/dev/sdb][dsmode=net].  Up 54.75 seconds
