[    0.000000] Linux version 4.15.0-212-generic (buildd@lcy02-amd64-083) (gcc version 7.5.0 (Ubuntu 7.5.0-3ubuntu1~18.04)) #223-Ubuntu SMP Tue May 23 13:09:22 UTC 2023 (Ubuntu 4.15.0-212.223-generic 4.15.18)
[    0.000000] Command line: BOOT_IMAGE=/boot/vmlinuz-4.15.0-212-generic root=LABEL=cloudimg-rootfs ro console=tty1 console=ttyS0
[    0.000000] KERNEL supported cpus:
[    0.000000]   Intel GenuineIntel
[    0.000000]   AMD AuthenticAMD
[    0.000000]   Centaur CentaurHauls
[    0.000000] x86/fpu: Supporting XSAVE feature 0x001: 'x87 floating point registers'
[    0.000000] x86/fpu: Supporting XSAVE feature 0x002: 'SSE registers'
[    0.000000] x86/fpu: Supporting XSAVE feature 0x004: 'AVX registers'
[    0.000000] x86/fpu: xstate_offset[2]:  576, xstate_sizes[2]:  256
[    0.000000] x86/fpu: Enabled xstate features 0x7, context size is 832 bytes, using 'standard' format.
[    0.000000] e820: BIOS-provided physical RAM map:
[    0.000000] BIOS-e820: [mem 0x0000000000000000-0x000000000009fbff] usable
[    0.000000] BIOS-e820: [mem 0x000000000009fc00-0x000000000009ffff] reserved
[    0.000000] BIOS-e820: [mem 0x00000000000f0000-0x00000000000fffff] reserved
[    0.000000] BIOS-e820: [mem 0x0000000000100000-0x00000000807effff] usable
[    0.000000] BIOS-e820: [mem 0x00000000807f0000-0x00000000807fffff] ACPI data
[    0.000000] BIOS-e820: [mem 0x00000000fec00000-0x00000000fec00fff] reserved
[    0.000000] BIOS-e820: [mem 0x00000000fee00000-0x00000000fee00fff] reserved
[    0.000000] BIOS-e820: [mem 0x00000000fffc0000-0x00000000ffffffff] reserved
[    0.000000] NX (Execute Disable) protection: active
[    0.000000] SMBIOS 2.5 present.
[    0.000000] DMI: innotek GmbH VirtualBox/VirtualBox, BIOS VirtualBox 12/01/2006
[    0.000000] Hypervisor detected: KVM
[    0.000000] e820: last_pfn = 0x807f0 max_arch_pfn = 0x400000000
[    0.000000] MTRR: Disabled
[    0.000000] x86/PAT: MTRRs disabled, skipping PAT initialization too.
[    0.000000] CPU MTRRs all blank - virtualized system.
[    0.000000] x86/PAT: Configuration [0-7]: WB  WT  UC- UC  WB  WT  UC- UC  
[    0.000000] found SMP MP-table at [mem 0x0009fff0-0x0009ffff]
[    0.000000] Scanning 1 areas for low memory corruption
[    0.000000] RAMDISK: [mem 0x359cb000-0x36cdcfff]
[    0.000000] ACPI: Early table checksum verification disabled
[    0.000000] ACPI: RSDP 0x00000000000E0000 000024 (v02 VBOX  )
[    0.000000] ACPI: XSDT 0x00000000807F0030 00003C (v01 VBOX   VBOXXSDT 00000001 ASL  00000061)
[    0.000000] ACPI: FACP 0x00000000807F00F0 0000F4 (v04 VBOX   VBOXFACP 00000001 ASL  00000061)
[    0.000000] ACPI: DSDT 0x00000000807F0610 002353 (v02 VBOX   VBOXBIOS 00000002 INTL 20210930)
[    0.000000] ACPI: FACS 0x00000000807F0200 000040
[    0.000000] ACPI: FACS 0x00000000807F0200 000040
[    0.000000] ACPI: APIC 0x00000000807F0240 00005C (v02 VBOX   VBOXAPIC 00000001 ASL  00000061)
[    0.000000] ACPI: SSDT 0x00000000807F02A0 00036C (v01 VBOX   VBOXCPUT 00000002 INTL 20210930)
[    0.000000] ACPI: Reserving FACP table memory at [mem 0x807f00f0-0x807f01e3]
[    0.000000] ACPI: Reserving DSDT table memory at [mem 0x807f0610-0x807f2962]
[    0.000000] ACPI: Reserving FACS table memory at [mem 0x807f0200-0x807f023f]
[    0.000000] ACPI: Reserving FACS table memory at [mem 0x807f0200-0x807f023f]
[    0.000000] ACPI: Reserving APIC table memory at [mem 0x807f0240-0x807f029b]
[    0.000000] ACPI: Reserving SSDT table memory at [mem 0x807f02a0-0x807f060b]
[    0.000000] No NUMA configuration found
[    0.000000] Faking a node at [mem 0x0000000000000000-0x00000000807effff]
[    0.000000] NODE_DATA(0) allocated [mem 0x807c5000-0x807effff]
[    0.000000] kvm-clock: cpu 0, msr 0:80744001, primary cpu clock
[    0.000000] kvm-clock: Using msrs 4b564d01 and 4b564d00
[    0.000000] kvm-clock: using sched offset of 5178524132 cycles
[    0.000000] clocksource: kvm-clock: mask: 0xffffffffffffffff max_cycles: 0x1cd42e4dffb, max_idle_ns: 881590591483 ns
[    0.000000] Zone ranges:
[    0.000000]   DMA      [mem 0x0000000000001000-0x0000000000ffffff]
[    0.000000]   DMA32    [mem 0x0000000001000000-0x00000000807effff]
[    0.000000]   Normal   empty
[    0.000000]   Device   empty
[    0.000000] Movable zone start for each node
[    0.000000] Early memory node ranges
[    0.000000]   node   0: [mem 0x0000000000001000-0x000000000009efff]
[    0.000000]   node   0: [mem 0x0000000000100000-0x00000000807effff]
[    0.000000] Reserved but unavailable: 104 pages
[    0.000000] Initmem setup node 0 [mem 0x0000000000001000-0x00000000807effff]
[    0.000000] ACPI: PM-Timer IO Port: 0x4008
[    0.000000] IOAPIC[0]: apic_id 2, version 32, address 0xfec00000, GSI 0-23
[    0.000000] ACPI: INT_SRC_OVR (bus 0 bus_irq 0 global_irq 2 dfl dfl)
[    0.000000] ACPI: INT_SRC_OVR (bus 0 bus_irq 9 global_irq 9 low level)
[    0.000000] Using ACPI (MADT) for SMP configuration information
[    0.000000] smpboot: Allowing 2 CPUs, 0 hotplug CPUs
[    0.000000] PM: Registered nosave memory: [mem 0x00000000-0x00000fff]
[    0.000000] PM: Registered nosave memory: [mem 0x0009f000-0x0009ffff]
[    0.000000] PM: Registered nosave memory: [mem 0x000a0000-0x000effff]
[    0.000000] PM: Registered nosave memory: [mem 0x000f0000-0x000fffff]
[    0.000000] e820: [mem 0x80800000-0xfebfffff] available for PCI devices
[    0.000000] Booting paravirtualized kernel on KVM
[    0.000000] clocksource: refined-jiffies: mask: 0xffffffff max_cycles: 0xffffffff, max_idle_ns: 7645519600211568 ns
[    0.000000] setup_percpu: NR_CPUS:8192 nr_cpumask_bits:2 nr_cpu_ids:2 nr_node_ids:1
[    0.000000] percpu: Embedded 50 pages/cpu s167936 r8192 d28672 u1048576
[    0.000000] PV qspinlock hash table entries: 256 (order: 0, 4096 bytes)
[    0.000000] Built 1 zonelists, mobility grouping on.  Total pages: 517977
[    0.000000] Policy zone: DMA32
[    0.000000] Kernel command line: BOOT_IMAGE=/boot/vmlinuz-4.15.0-212-generic root=LABEL=cloudimg-rootfs ro console=tty1 console=ttyS0
[    0.000000] Memory: 2020980K/2104888K available (12300K kernel code, 2477K rwdata, 4324K rodata, 2480K init, 2720K bss, 83908K reserved, 0K cma-reserved)
[    0.000000] SLUB: HWalign=64, Order=0-3, MinObjects=0, CPUs=2, Nodes=1
[    0.000000] Kernel/User page tables isolation: enabled
[    0.000000] ftrace: allocating 39508 entries in 155 pages
[    0.004000] Hierarchical RCU implementation.
[    0.004000] 	RCU restricting CPUs from NR_CPUS=8192 to nr_cpu_ids=2.
[    0.004000] 	Tasks RCU enabled.
[    0.004000] RCU: Adjusting geometry for rcu_fanout_leaf=16, nr_cpu_ids=2
[    0.004000] NR_IRQS: 524544, nr_irqs: 440, preallocated irqs: 16
[    0.004000] random: crng init done
[    0.004000] Console: colour VGA+ 80x25
[    0.004000] console [tty1] enabled
[    0.004000] console [ttyS0] enabled
[    0.004000] ACPI: Core revision 20170831
[    0.004000] ACPI: 2 ACPI AML tables successfully acquired and loaded
[    0.004000] APIC: Switch to symmetric I/O mode setup
[    0.006162] x2apic enabled
[    0.008027] Switched APIC routing to physical x2apic.
[    0.016000] ..TIMER: vector=0x30 apic1=0 pin1=2 apic2=-1 pin2=-1
[    0.016006] tsc: Detected 2820.230 MHz processor
[    0.020014] Calibrating delay loop (skipped) preset value.. 5640.46 BogoMIPS (lpj=11280920)
[    0.024007] pid_max: default: 32768 minimum: 301
[    0.028062] Security Framework initialized
[    0.032005] Yama: becoming mindful.
[    0.035137] AppArmor: AppArmor initialized
[    0.040110] Dentry cache hash table entries: 262144 (order: 9, 2097152 bytes)
[    0.049625] Inode-cache hash table entries: 131072 (order: 8, 1048576 bytes)
[    0.052090] Mount-cache hash table entries: 4096 (order: 3, 32768 bytes)
[    0.056072] Mountpoint-cache hash table entries: 4096 (order: 3, 32768 bytes)
[    0.064439] Last level iTLB entries: 4KB 64, 2MB 8, 4MB 8
[    0.068004] Last level dTLB entries: 4KB 64, 2MB 0, 4MB 0, 1GB 4
[    0.072025] Spectre V1 : Mitigation: usercopy/swapgs barriers and __user pointer sanitization
[    0.076007] Spectre V2 : Mitigation: Retpolines
[    0.080004] Spectre V2 : Spectre v2 / SpectreRSB mitigation: Filling RSB on context switch
[    0.084003] Spectre V2 : Spectre v2 / SpectreRSB : Filling RSB on VMEXIT
[    0.088006] RETBleed: WARNING: Spectre v2 mitigation leaves CPU vulnerable to RETBleed attacks, data leaks possible!
[    0.092004] RETBleed: Vulnerable
[    0.096004] Speculative Store Bypass: Vulnerable
[    0.100148] MDS: Mitigation: Clear CPU buffers
[    0.104003] MMIO Stale Data: Mitigation: Clear CPU buffers
[    0.108023] SRBDS: Unknown: Dependent on hypervisor status
[    0.112281] Freeing SMP alternatives memory: 36K
[    0.232722] APIC calibration not consistent with PM-Timer: 101ms instead of 100ms
[    0.236000] APIC delta adjusted to PM-Timer: 6263574 (6336927)
[    0.236314] smpboot: CPU0: Intel(R) Core(TM) i7-7700HQ CPU @ 2.80GHz (family: 0x6, model: 0x9e, stepping: 0x9)
[    0.240306] Performance Events: unsupported p6 CPU model 158 no PMU driver, software events only.
[    0.244152] Hierarchical SRCU implementation.
[    0.252204] NMI watchdog: Perf event create on CPU 0 failed with -2
[    0.256005] NMI watchdog: Perf NMI watchdog permanently disabled
[    0.260239] smp: Bringing up secondary CPUs ...
[    0.264510] x86: Booting SMP configuration:
[    0.272007] .... node  #0, CPUs:      #1
[    0.004000] kvm-clock: cpu 1, msr 0:80744041, secondary cpu clock
[    0.280134] smp: Brought up 1 node, 2 CPUs
[    0.284011] smpboot: Max logical packages: 1
[    0.288007] smpboot: Total of 2 processors activated (11280.92 BogoMIPS)
[    0.292349] devtmpfs: initialized
[    0.296100] x86/mm: Memory block size: 128MB
[    0.300498] evm: security.selinux
[    0.304005] evm: security.SMACK64
[    0.307142] evm: security.SMACK64EXEC
[    0.308006] evm: security.SMACK64TRANSMUTE
[    0.312003] evm: security.SMACK64MMAP
[    0.316003] evm: security.apparmor
[    0.320003] evm: security.ima
[    0.324006] evm: security.capability
[    0.328242] clocksource: jiffies: mask: 0xffffffff max_cycles: 0xffffffff, max_idle_ns: 7645041785100000 ns
[    0.332094] futex hash table entries: 512 (order: 3, 32768 bytes)
[    0.336140] pinctrl core: initialized pinctrl subsystem
[    0.344281] RTC time:  7:27:22, date: 09/11/24
[    0.348522] NET: Registered protocol family 16
[    0.352128] audit: initializing netlink subsys (disabled)
[    0.356118] audit: type=2000 audit(1726039648.029:1): state=initialized audit_enabled=0 res=1
[    0.360011] cpuidle: using governor ladder
[    0.364013] cpuidle: using governor menu
[    0.367443] ACPI: bus type PCI registered
[    0.368007] acpiphp: ACPI Hot Plug PCI Controller Driver version: 0.5
[    0.372464] PCI: Using configuration type 1 for base access
[    0.380119] HugeTLB registered 2.00 MiB page size, pre-allocated 0 pages
[    0.384214] ACPI: Added _OSI(Module Device)
[    0.388000] ACPI: Added _OSI(Processor Device)
[    0.388000] ACPI: Added _OSI(3.0 _SCP Extensions)
[    0.388000] ACPI: Added _OSI(Processor Aggregator Device)
[    0.388006] ACPI: Added _OSI(Linux-Dell-Video)
[    0.392005] ACPI: Added _OSI(Linux-Lenovo-NV-HDMI-Audio)
[    0.400004] ACPI: Added _OSI(Linux-HPI-Hybrid-Graphics)
[    0.404836] ACPI: Executed 1 blocks of module-level executable AML code
[    0.415129] ACPI: Interpreter enabled
[    0.420028] ACPI: (supports S0 S5)
[    0.423665] ACPI: Using IOAPIC for interrupt routing
[    0.424541] PCI: Using host bridge windows from ACPI; if necessary, use "pci=nocrs" and report a bug
[    0.428000] ACPI: Enabled 2 GPEs in block 00 to 07
[    0.440000] ACPI: PCI Root Bridge [PCI0] (domain 0000 [bus 00-ff])
[    0.440010] acpi PNP0A03:00: _OSC: OS supports [ASPM ClockPM Segments MSI]
[    0.444555] acpi PNP0A03:00: _OSC: not requesting OS control; OS requires [ExtendedConfig ASPM ClockPM MSI]
[    0.448000] acpi PNP0A03:00: fail to add MMCONFIG information, can't access extended PCI configuration space under this bridge.
[    0.452907] PCI host bridge to bus 0000:00
[    0.460005] pci_bus 0000:00: root bus resource [io  0x0000-0x0cf7 window]
[    0.464000] pci_bus 0000:00: root bus resource [io  0x0d00-0xffff window]
[    0.464000] pci_bus 0000:00: root bus resource [mem 0x000a0000-0x000bffff window]
[    0.472006] pci_bus 0000:00: root bus resource [mem 0x80800000-0xfdffffff window]
[    0.476005] pci_bus 0000:00: root bus resource [bus 00-ff]
[    0.484848] pci 0000:00:01.1: legacy IDE quirk: reg 0x10: [io  0x01f0-0x01f7]
[    0.496009] pci 0000:00:01.1: legacy IDE quirk: reg 0x14: [io  0x03f6]
[    0.500000] pci 0000:00:01.1: legacy IDE quirk: reg 0x18: [io  0x0170-0x0177]
[    0.504007] pci 0000:00:01.1: legacy IDE quirk: reg 0x1c: [io  0x0376]
[    0.592197] pci 0000:00:07.0: quirk: [io  0x4000-0x403f] claimed by PIIX4 ACPI
[    0.596000] pci 0000:00:07.0: quirk: [io  0x4100-0x410f] claimed by PIIX4 SMB
[    0.641498] ACPI: PCI Interrupt Link [LNKA] (IRQs 5 9 10 *11)
[    0.652710] ACPI: PCI Interrupt Link [LNKB] (IRQs 5 9 *10 11)
[    0.660257] ACPI: PCI Interrupt Link [LNKC] (IRQs 5 *9 10 11)
[    0.672270] ACPI: PCI Interrupt Link [LNKD] (IRQs 5 9 10 *11)
[    0.672575] SCSI subsystem initialized
[    0.676197] pci 0000:00:02.0: vgaarb: setting as boot VGA device
[    0.680000] pci 0000:00:02.0: vgaarb: VGA device added: decodes=io+mem,owns=io+mem,locks=none
[    0.696009] pci 0000:00:02.0: vgaarb: bridge control possible
[    0.700004] vgaarb: loaded
[    0.702896] ACPI: bus type USB registered
[    0.704031] usbcore: registered new interface driver usbfs
[    0.712034] usbcore: registered new interface driver hub
[    0.724033] usbcore: registered new device driver usb
[    0.728000] EDAC MC: Ver: 3.0.0
[    0.732380] PCI: Using ACPI for IRQ routing
[    0.741052] NetLabel: Initializing
[    0.748006] NetLabel:  domain hash size = 128
[    0.752000] NetLabel:  protocols = UNLABELED CIPSOv4 CALIPSO
[    0.752100] NetLabel:  unlabeled traffic allowed by default
[    0.765480] clocksource: Switched to clocksource kvm-clock
[    0.791361] VFS: Disk quotas dquot_6.6.0
[    0.803823] VFS: Dquot-cache hash table entries: 512 (order 0, 4096 bytes)
[    0.811422] AppArmor: AppArmor Filesystem Enabled
[    0.816859] pnp: PnP ACPI init
[    0.826044] pnp: PnP ACPI: found 3 devices
[    0.837850] clocksource: acpi_pm: mask: 0xffffff max_cycles: 0xffffff, max_idle_ns: 2085701024 ns
[    0.846394] NET: Registered protocol family 2
[    0.851599] IP idents hash table entries: 32768 (order: 6, 262144 bytes)
[    0.857771] TCP established hash table entries: 16384 (order: 5, 131072 bytes)
[    0.861389] TCP bind hash table entries: 16384 (order: 6, 262144 bytes)
[    0.870930] TCP: Hash tables configured (established 16384 bind 16384)
[    0.876865] UDP hash table entries: 1024 (order: 3, 32768 bytes)
[    0.880519] UDP-Lite hash table entries: 1024 (order: 3, 32768 bytes)
[    0.888413] NET: Registered protocol family 1
[    0.892280] pci 0000:00:00.0: Limiting direct PCI/PCI transfers
[    0.898427] pci 0000:00:01.0: Activating ISA DMA hang workarounds
[    0.902310] pci 0000:00:02.0: Video device with shadowed ROM at [mem 0x000c0000-0x000dffff]
[    0.911793] Unpacking initramfs...
[    1.377506] Freeing initrd memory: 19528K
[    1.386766] clocksource: tsc: mask: 0xffffffffffffffff max_cycles: 0x28a6e733560, max_idle_ns: 440795205126 ns
[    1.398550] platform rtc_cmos: registered platform RTC device (no PNP device found)
[    1.407859] Scanning for low memory corruption every 60 seconds
[    1.416493] Initialise system trusted keyrings
[    1.419768] Key type blacklist registered
[    1.427468] workingset: timestamp_bits=36 max_order=19 bucket_order=0
[    1.437703] zbud: loaded
[    1.442709] squashfs: version 4.0 (2009/01/31) Phillip Lougher
[    1.449169] fuse init (API version 7.26)
[    1.461830] Key type asymmetric registered
[    1.465818] Asymmetric key parser 'x509' registered
[    1.465818] Block layer SCSI generic (bsg) driver version 0.4 loaded (major 246)
[    1.479068] io scheduler noop registered
[    1.482891] io scheduler deadline registered
[    1.487611] io scheduler cfq registered (default)
[    1.493344] ACPI: AC Adapter [AC] (off-line)
[    1.496732] input: Power Button as /devices/LNXSYSTM:00/LNXPWRBN:00/input/input0
[    1.504476] ACPI: Power Button [PWRF]
[    1.508188] input: Sleep Button as /devices/LNXSYSTM:00/LNXSLPBN:00/input/input1
[    1.514868] ACPI: Sleep Button [SLPF]
[    1.519933] Serial: 8250/16550 driver, 32 ports, IRQ sharing enabled
[    1.522675] ACPI: Battery Slot [BAT0] (battery present)
[    1.558099] 00:02: ttyS0 at I/O 0x3f8 (irq = 4, base_baud = 115200) is a 16550A
[    1.567510] Linux agpgart interface v0.103
[    1.576255] loop: module loaded
[    1.582528] scsi host0: ata_piix
[    1.586511] scsi host1: ata_piix
[    1.589701] ata1: PATA max UDMA/33 cmd 0x1f0 ctl 0x3f6 bmdma 0xd000 irq 14
[    1.596085] ata2: PATA max UDMA/33 cmd 0x170 ctl 0x376 bmdma 0xd008 irq 15
[    1.602668] tun: Universal TUN/TAP device driver, 1.6
[    1.608668] PPP generic driver version 2.4.2
[    1.613528] ehci_hcd: USB 2.0 'Enhanced' Host Controller (EHCI) Driver
[    1.617267] ehci-pci: EHCI PCI platform driver
[    1.623778] ehci-platform: EHCI generic platform driver
[    1.629051] ohci_hcd: USB 1.1 'Open' Host Controller (OHCI) Driver
[    1.635036] ohci-pci: OHCI PCI platform driver
[    1.639404] ohci-platform: OHCI generic platform driver
[    1.644766] uhci_hcd: USB Universal Host Controller Interface driver
[    1.648661] i8042: PNP: PS/2 Controller [PNP0303:PS2K,PNP0f03:PS2M] at 0x60,0x64 irq 1,12
[    1.661469] serio: i8042 KBD port at 0x60,0x64 irq 1
[    1.664020] serio: i8042 AUX port at 0x60,0x64 irq 12
[    1.664020] mousedev: PS/2 mouse device common for all mice
[    1.677774] input: AT Translated Set 2 keyboard as /devices/platform/i8042/serio0/input/input2
[    1.687612] rtc_cmos rtc_cmos: rtc core: registered rtc_cmos as rtc0
[    1.693764] rtc_cmos rtc_cmos: alarms up to one day, 114 bytes nvram
[    1.697131] i2c /dev entries driver
[    1.703685] device-mapper: uevent: version 1.0.3
[    1.708548] device-mapper: ioctl: 4.37.0-ioctl (2017-09-20) initialised: dm-devel@redhat.com
[    1.717098] ledtrig-cpu: registered to indicate activity on CPUs
[    1.729735] NET: Registered protocol family 10
[    1.741613] Segment Routing with IPv6
[    1.744927] NET: Registered protocol family 17
[    1.749770] Key type dns_resolver registered
[    1.754529] mce: Using 0 MCE banks
[    1.757857] RAS: Correctable Errors collector initialized.
[    1.771401] sched_clock: Marking stable (1771267613, 0)->(2642792412, -871524799)
[    1.831825] registered taskstats version 1
[    1.836773] Loading compiled-in X.509 certificates
[    1.845666] Loaded X.509 cert 'Build time autogenerated kernel key: b5b26778eaa3ab3a4a6cee031137706e947d12ad'
[    1.855736] Loaded X.509 cert 'Canonical Ltd. Live Patch Signing: 14df34d1a87cf37625abec039ef2bf521249b969'
[    1.865629] Loaded X.509 cert 'Canonical Ltd. Kernel Module Signing: 88f752e560a1e0737e31163a466ad7b70a850c19'
[    1.874621] blacklist: Loading compiled-in revocation X.509 certificates
[    1.881064] Loaded X.509 cert 'Canonical Ltd. Secure Boot Signing: 61482aa2830d0ab2ad5af10b7250da9033ddcef0'
[    1.890396] Loaded X.509 cert 'Canonical Ltd. Secure Boot Signing (2017): 242ade75ac4a15e50d50c84b0d45ff3eae707a03'
[    1.905749] Loaded X.509 cert 'Canonical Ltd. Secure Boot Signing (ESM 2018): 365188c1d374d6b07c3c8f240f8ef722433d6a8b'
[    1.918371] Loaded X.509 cert 'Canonical Ltd. Secure Boot Signing (2019): c0746fd6c5da3ae827864651ad66ae47fe24b3e8'
[    1.927695] Loaded X.509 cert 'Canonical Ltd. Secure Boot Signing (2021 v1): a8d54bbb3825cfb94fa13c9f8a594a195c107b8d'
[    1.937469] Loaded X.509 cert 'Canonical Ltd. Secure Boot Signing (2021 v2): 4cf046892d6fd3c9a5b03f98d845f90851dc6a8c'
[    1.947543] Loaded X.509 cert 'Canonical Ltd. Secure Boot Signing (2021 v3): 100437bb6de6e469b581e61cd66bce3ef4ed53af'
[    1.956425] Loaded X.509 cert 'Canonical Ltd. Secure Boot Signing (Ubuntu Core 2019): c1d57b8f6b743f23ee41f4f7ee292f06eecadfb9'
[    1.965566] zswap: loaded using pool lzo/zbud
[    1.976893] Key type big_key registered
[    1.980092] Key type trusted registered
[    1.987174] Key type encrypted registered
[    1.990617] AppArmor: AppArmor sha1 policy hashing enabled
[    1.995063] ima: No TPM chip found, activating TPM-bypass! (rc=-19)
[    2.000070] ima: Allocated hash algorithm: sha1
[    2.003949] evm: HMAC attrs: 0x1
[    2.008567]   Magic number: 8:511:470
[    2.012300] rtc_cmos rtc_cmos: setting system clock to 2024-09-11 07:27:24 UTC (1726039644)
[    2.019644] BIOS EDD facility v0.16 2004-Jun-25, 0 devices found
[    2.024612] EDD information not available.
[    2.032620] Freeing unused kernel image memory: 2480K
[    2.057121] Write protecting the kernel read-only data: 20480k
[    2.063718] Freeing unused kernel image memory: 2008K
[    2.068195] Freeing unused kernel image memory: 1820K
[    2.080676] x86/mm: Checked W+X mappings: passed, no W+X pages found.
[    2.086233] x86/mm: Checking user space page tables
[    2.098089] x86/mm: Checked W+X mappings: passed, no W+X pages found.
Loading, please wait...
starting version 237
[    2.229114] Fusion MPT base driver 3.04.20
[    2.234586] Copyright (c) 1999-2008 LSI Corporation
[    2.262178] e1000: Intel(R) PRO/1000 Network Driver - version 7.3.21-k8-NAPI
[    2.270612] e1000: Copyright (c) 1999-2006 Intel Corporation.
[    2.303502] Fusion MPT SPI Host driver 3.04.20
[    2.310896] AVX2 version of gcm_enc/dec engaged.
[    2.316711] AES CTR mode by8 optimization enabled
[    2.540623] input: ImExPS/2 Generic Explorer Mouse as /devices/platform/i8042/serio1/input/input4
[    2.906892] e1000 0000:00:03.0 eth0: (PCI:33MHz:32-bit) 02:3b:7b:b7:3b:2d
[    2.912961] e1000 0000:00:03.0 eth0: Intel(R) PRO/1000 Network Connection
[    2.920854] mptbase: ioc0: Initiating bringup
[    3.035601] ioc0: LSI53C1030 A0: Capabilities={Initiator}
[    3.287293] scsi host2: ioc0: LSI53C1030 A0, FwRev=00000000h, Ports=1, MaxQ=256, IRQ=20
[    3.461521] scsi 2:0:0:0: Direct-Access     VBOX     HARDDISK         1.0  PQ: 0 ANSI: 5
[    3.500421] scsi target2:0:0: Beginning Domain Validation
[    3.529397] scsi target2:0:0: Domain Validation skipping write tests
[    3.534606] scsi target2:0:0: Ending Domain Validation
[    3.552633] scsi target2:0:0: asynchronous
[    3.557174] scsi 2:0:1:0: Direct-Access     VBOX     HARDDISK         1.0  PQ: 0 ANSI: 5
[    3.816104] scsi target2:0:1: Beginning Domain Validation
[    3.826699] scsi target2:0:1: Domain Validation skipping write tests
[    3.833381] scsi target2:0:1: Ending Domain Validation
[    3.839534] scsi target2:0:1: asynchronous
[    3.857125] sd 2:0:0:0: Attached scsi generic sg0 type 0
[    3.860238] sd 2:0:0:0: [sda] 83886080 512-byte logical blocks: (42.9 GB/40.0 GiB)
[    3.863412] sd 2:0:1:0: Attached scsi generic sg1 type 0
[    3.870499] sd 2:0:1:0: [sdb] 20480 512-byte logical blocks: (10.5 MB/10.0 MiB)
[    3.882069] sd 2:0:0:0: [sda] Write Protect is off
[    3.887519] sd 2:0:1:0: [sdb] Write Protect is off
[    3.892486] sd 2:0:1:0: [sdb] Incomplete mode parameter data
[    3.898018] sd 2:0:1:0: [sdb] Assuming drive cache: write through
[    3.904248] sd 2:0:0:0: [sda] Incomplete mode parameter data
[    3.910106] sd 2:0:0:0: [sda] Assuming drive cache: write through
[    3.922904] sd 2:0:1:0: [sdb] Attached SCSI disk
[    3.927775]  sda: sda1
[    3.932087] sd 2:0:0:0: [sda] Attached SCSI disk
[    4.113153] e1000 0000:00:08.0 eth1: (PCI:33MHz:32-bit) 08:00:27:94:b0:96
[    4.118657] e1000 0000:00:08.0 eth1: Intel(R) PRO/1000 Network Connection
[    4.126855] e1000 0000:00:03.0 enp0s3: renamed from eth0
[    4.150374] e1000 0000:00:08.0 enp0s8: renamed from eth1
Begin: Loading essential drivers ... [    6.740177] raid6: sse2x1   gen()  7534 MB/s
[    6.793075] raid6: sse2x1   xor()  6028 MB/s
[    6.844261] raid6: sse2x2   gen() 10561 MB/s
[    6.896169] raid6: sse2x2   xor()  6856 MB/s
[    6.948350] raid6: sse2x4   gen() 11680 MB/s
[    7.001196] raid6: sse2x4   xor()  7139 MB/s
[    7.053126] raid6: avx2x1   gen() 16684 MB/s
[    7.104288] raid6: avx2x1   xor() 11726 MB/s
[    7.156098] raid6: avx2x2   gen() 19550 MB/s
[    7.208481] raid6: avx2x2   xor() 12320 MB/s
[    7.260766] raid6: avx2x4   gen() 21697 MB/s
[    7.312717] raid6: avx2x4   xor() 12306 MB/s
[    7.316516] raid6: using algorithm avx2x4 gen() 21697 MB/s
[    7.328581] raid6: .... xor() 12306 MB/s, rmw enabled
[    7.335373] raid6: using avx2x2 recovery algorithm
[    7.344832] xor: automatically using best checksumming function   avx       
[    7.353719] async_tx: api initialized (async)
done.
Begin: Running /scripts/init-premount ... done.
Begin: Mounting root file system ... Begin: Running /scripts/local-top ... done.
Begin: Running /scripts/local-premount ... [    7.434805] Btrfs loaded, crc32c=crc32c-intel
Scanning for Btrfs filesystems
done.
Warning: fsck not present, so skipping root file system
[    7.488492] EXT4-fs (sda1): mounted filesystem with ordered data mode. Opts: (null)
done.
Begin: Running /scripts/local-bottom ... done.
Begin: Running /scripts/init-bottom ... done.
[    7.744316] ip_tables: (C) 2000-2006 Netfilter Core Team
[    7.766253] systemd[1]: systemd 237 running in system mode. (+PAM +AUDIT +SELINUX +IMA +APPARMOR +SMACK +SYSVINIT +UTMP +LIBCRYPTSETUP +GCRYPT +GNUTLS +ACL +XZ +LZ4 +SECCOMP +BLKID +ELFUTILS +KMOD -IDN2 +IDN -PCRE2 default-hierarchy=hybrid)
[    7.784061] systemd[1]: Detected virtualization oracle.
[    7.788433] systemd[1]: Detected architecture x86-64.

Welcome to [1mUbuntu 18.04.6 LTS[0m!

[    7.815007] systemd[1]: Set hostname to <ubuntu>.
[    7.824445] systemd[1]: Initializing machine ID from random generator.
[    7.829788] systemd[1]: Installed transient /etc/machine-id file.
[    8.163177] systemd[1]: Reached target Swap.
[[0;32m  OK  [0m] Reached target Swap.
[    8.174861] systemd[1]: Created slice System Slice.
[[0;32m  OK  [0m] Created slice System Slice.
[    8.181162] systemd[1]: Listening on LVM2 metadata daemon socket.
[[0;32m  OK  [0m] Listening on LVM2 metadata daemon socket.
[    8.188620] systemd[1]: Listening on Syslog Socket.
[[0;32m  OK  [0m] Listening on Syslog Socket.
[[0;32m  OK  [0m] Listening on Journal Socket (/dev/log).
[[0;32m  OK  [0m] Listening on Network Service Netlink Socket.
[[0;32m  OK  [0m] Listening on LVM2 poll daemon socket.
[[0;32m  OK  [0m] Listening on Journal Audit Socket.
[[0;32m  OK  [0m] Reached target User and Group Name Lookups.
[[0;32m  OK  [0m] Set up automount Arbitrary Executab…rmats File System Automount Point.
[[0;32m  OK  [0m] Started Forward Password Requests to Wall Directory Watch.
[[0;32m  OK  [0m] Listening on /dev/initctl Compatibility Named Pipe.
[[0;32m  OK  [0m] Listening on udev Kernel Socket.
[[0;32m  OK  [0m] Reached target System Time Synchronized.
[[0;32m  OK  [0m] Listening on udev Control Socket.
[[0;32m  OK  [0m] Reached target Mounting snaps.
[[0;32m  OK  [0m] Reached target Mounted snaps.
[[0;32m  OK  [0m] Listening on Device-mapper event daemon FIFOs.
[[0;32m  OK  [0m] Listening on Journal Socket.
         Starting Create list of required st…ce nodes for the current kernel...
         Starting Load Kernel Modules...
         Mounting Huge Pages File System...
         Mounting POSIX Message Queue File System...
[    8.258118] Loading iSCSI transport class v2.0-870.
         Starting Monitoring of LVM2 mirrors…ng dmeventd or progress polling...
         Starting Set the console keyboard layout...
         Mounting Kernel Debug File System...
[[0;32m  OK  [0m] Listening on fsck to fsckd communication Socket.
         Starting File System Check on Root Device...
         Starting Uncompl[    8.298546] iscsi: registered transport (tcp)
icated firewall...
         Starting Journal Service...
[[0;32m  OK  [0m] Created slice User and Session Slice.
[[0;32m  OK  [0m] Reached target Slices.
         Starting udev Coldplug all Devices...
[[0;32m  OK  [0m] Created slice system-serial\x2dgetty.slice.
[[0;32m  OK  [0m] Started Create list of required sta…vice nodes for the current kernel.
[[0;32m  OK  [0m] Mounted Huge Pages File System.
[[0;32m  OK  [0m] Mounted POSIX Message Queue File System.
[[0;32m  OK  [0m] Mounted Kernel Debug File System.
         Starting Create Static Device Nodes in /dev...
[[0;32m  OK  [0m] Started File System Check Daemon to report status.
[[0;32m  OK  [0m] Started Uncomplicated firewall.
[    8.429646] iscsi: registered transport (iser)
[[0;32m  OK  [0m] Started Load Kernel Modules.
         Mounting Kernel Configuration File System...
         Mounting FUSE Control File System...
         Starting Apply Kernel Variables...
[[0;32m  OK  [0m] Mounted Kernel Configuration File System.
[[0;32m  OK  [0m] Mounted FUSE Control File System.
[[0;32m  OK  [0m] Started File System Check on Root Device.
         Starting Remount Root and Kernel File Systems...
[[0;32m  OK  [0m] Started udev Coldplug all Devices.
[[0;32m  OK  [0m] Started LVM2 metadata daemon.
[[0;32m  OK  [0m] Started Create Static Device Nodes in /dev.
[[0;32m  OK  [0m] Started Journal Service.
[[0;32m  OK  [0m] Started Remount Root and Kernel File Systems.
[[0;32m  OK  [0m] Started Apply Kernel Variables.
         Starting Load/Save Random Seed...
         Starting udev Kernel Device Manager...
         Starting Flush Journal to Persistent Storage...
[[0;32m  OK  [0m] Started Load/Save Random Seed.
[[0;32m  OK  [0m] Started Monitoring of LVM2 mirrors,…sing dmeventd or progress polling.
[[0;32m  OK  [0m] Started udev Kernel Device Manager.
[[0;32m  OK  [0m] Started Flush Journal to Persistent Storage.
[[0;32m  OK  [0m] Found device /dev/ttyS0.
[[0;32m  OK  [0m] Listening on Load/Save RF Kill Switch Status /dev/rfkill Watch.
         Mounting Arbitrary Executable File Formats File System...
[[0;32m  OK  [0m] Mounted Arbitrary Executable File Formats File System.
[[0;32m  OK  [0m] Started Set the console keyboard layout.
[[0;32m  OK  [0m] Started Dispatch Password Requests to Console Directory Watch.
[[0;32m  OK  [0m] Reached target Local Encrypted Volumes.
[[0;32m  OK  [0m] Reached target Local File Systems (Pre).
[[0;32m  OK  [0m] Reached target Local File Systems.
         Starting Commit a transient machine-id on disk...
         Starting Set console font and keymap...
         Starting ebtables ruleset management...
         Starting AppArmor initialization...
         Starting Create Volatile Files and Directories...
         Starting Tell Plymouth To Write Out Runtime Data...
[[0;32m  OK  [0m] Started Tell Plymouth To Write Out Runtime Data.
[[0;32m  OK  [0m] Started Create Volatile Files and Directories.
         Starting Update UTMP about System Boot/Shutdown...
[[0;32m  OK  [0m] Started Update UTMP about System Boot/Shutdown.
[[0;32m  OK  [0m] Started Commit a transient machine-id on disk.
[[0;32m  OK  [0m] Started ebtables ruleset management.
[[0;32m  OK  [0m] Started AppArmor initialization.
         Starting Load AppArmor profiles managed internally by snapd...
         Starting Initial cloud-init job (pre-networking)...
[[0;32m  OK  [0m] Started Load AppArmor profiles managed internally by snapd.
[[0;32m  OK  [0m] Started Set console font and keymap.
[   13.992560] cloud-init[837]: Cloud-init v. 23.1.2-0ubuntu0~18.04.1 running 'init-local' at Wed, 11 Sep 2024 07:27:35 +0000. Up 13.47 seconds.
[[0;32m  OK  [0m] Started Initial cloud-init job (pre-networking).
[[0;32m  OK  [0m] Reached target Network (Pre).
         Starting Network Service...
[[0;32m  OK  [0m] Started Network Service.
         Starting Wait for Network to be Configured...
         Starting Network Name Resolution...
[[0;32m  OK  [0m] Started Network Name Resolution.
[[0;32m  OK  [0m] Reached target Network.
[[0;32m  OK  [0m] Reached target Host and Network Name Lookups.
[[0;32m  OK  [0m] Started Wait for Network to be Configured.
         Starting Initial cloud-init job (metadata service crawler)...
[   16.881807] cloud-init[981]: Cloud-init v. 23.1.2-0ubuntu0~18.04.1 running 'init' at Wed, 11 Sep 2024 07:27:39 +0000. Up 16.63 seconds.
[   16.887902] cloud-init[981]: ci-info: ++++++++++++++++++++++++++++++++++++++Net device info+++++++++++++++++++++++++++++++++++++++
[   16.894132] cloud-init[981]: ci-info: +--------+-------+----------------------------+---------------+--------+-------------------+
[   16.899591] cloud-init[981]: ci-info: | Device |   Up  |          Address           |      Mask     | Scope  |     Hw-Address    |
[   16.905259] cloud-init[981]: ci-info: +--------+-------+----------------------------+---------------+--------+-------------------+
[   16.911163] cloud-init[981]: ci-info: | enp0s3 |  True |         10.0.2.15          | 255.255.255.0 | global | 02:3b:7b:b7:3b:2d |
[   16.917812] cloud-init[981]: ci-info: | enp0s3 |  True | fe80::3b:7bff:feb7:3b2d/64 |       .       |  link  | 02:3b:7b:b7:3b:2d |
[   16.923706] cloud-init[981]: ci-info: | enp0s8 | False |             .              |       .       |   .    | 08:00:27:94:b0:96 |
[   16.929353] cloud-init[981]: ci-info: |   lo   |  True |         127.0.0.1          |   255.0.0.0   |  host  |         .         |
[   16.934947] cloud-init[981]: ci-info: |   lo   |  True |          ::1/128           |       .       |  host  |         .         |
[   16.940782] cloud-init[981]: ci-info: +--------+-------+----------------------------+---------------+--------+-------------------+
[   16.947382] cloud-init[981]: ci-info: ++++++++++++++++++++++++++++Route IPv4 info+++++++++++++++++++++++++++++
[   16.952847] cloud-init[981]: ci-info: +-------+-------------+----------+-----------------+-----------+-------+
[   16.958108] cloud-init[981]: ci-info: | Route | Destination | Gateway  |     Genmask     | Interface | Flags |
[   16.963143] cloud-init[981]: ci-info: +-------+-------------+----------+-----------------+-----------+-------+
[   16.968495] cloud-init[981]: ci-info: |   0   |   0.0.0.0   | 10.0.2.2 |     0.0.0.0     |   enp0s3  |   UG  |
[   16.973730] cloud-init[981]: ci-info: |   1   |   10.0.2.0  | 0.0.0.0  |  255.255.255.0  |   enp0s3  |   U   |
[   16.978093] cloud-init[981]: ci-info: |   2   |   10.0.2.2  | 0.0.0.0  | 255.255.255.255 |   enp0s3  |   UH  |
[   16.983030] cloud-init[981]: ci-info: +-------+-------------+----------+-----------------+-----------+-------+
[   16.988710] cloud-init[981]: ci-info: +++++++++++++++++++Route IPv6 info+++++++++++++++++++
[   16.992888] cloud-init[981]: ci-info: +-------+-------------+---------+-----------+-------+
[   16.997020] cloud-init[981]: ci-info: | Route | Destination | Gateway | Interface | Flags |
[   17.001303] cloud-init[981]: ci-info: +-------+-------------+---------+-----------+-------+
[   17.005326] cloud-init[981]: ci-info: |   1   |  fe80::/64  |    ::   |   enp0s3  |   U   |
[   17.009757] cloud-init[981]: ci-info: |   3   |    local    |    ::   |   enp0s3  |   U   |
[   17.014032] cloud-init[981]: ci-info: |   4   |   ff00::/8  |    ::   |   enp0s3  |   U   |
[   17.018521] cloud-init[981]: ci-info: +-------+-------------+---------+-----------+-------+
[   18.032314] cloud-init[981]: Generating public/private rsa key pair.
[   18.035690] cloud-init[981]: Your identification has been saved in /etc/ssh/ssh_host_rsa_key.
[   18.040236] cloud-init[981]: Your public key has been saved in /etc/ssh/ssh_host_rsa_key.pub.
[   18.043826] cloud-init[981]: The key fingerprint is:
[   18.046335] cloud-init[981]: SHA256:bA875sXLrDIuBO4L1zgfvnIsMbmYdZAk82sH/5mROyY root@ubuntu-bionic
[   18.050322] cloud-init[981]: The key's randomart image is:
[   18.052834] cloud-init[981]: +---[RSA 2048]----+
[   18.054891] cloud-init[981]: |                 |
[   18.056860] cloud-init[981]: |o .              |
[   18.058898] cloud-init[981]: | = .             |
[   18.060920] cloud-init[981]: |  *    .         |
[   18.062756] cloud-init[981]: | . B   .S        |
[   18.065014] cloud-init[981]: |  Oo= o. =       |
[   18.066908] cloud-init[981]: |.*+Oo. =+ +      |
[   18.069047] cloud-init[981]: |oo=+E.Xo = .     |
[   18.071103] cloud-init[981]: |  .=+*.+o.+      |
[   18.080738] cloud-init[981]: +----[SHA256]-----+
[   18.082889] cloud-init[981]: Generating public/private dsa key pair.
[   18.085957] cloud-init[981]: Your identification has been saved in /etc/ssh/ssh_host_dsa_key.
[   18.089657] cloud-init[981]: Your public key has been saved in /etc/ssh/ssh_host_dsa_key.pub.
[   18.092903] cloud-init[981]: The key fingerprint is:
[   18.095128] cloud-init[981]: SHA256:8Ifr37B64FLpT4buwa9tXdkYhOjTGxy2OY1JTqKNAv8 root@ubuntu-bionic
[   18.099048] cloud-init[981]: The key's randomart image is:
[   18.101320] cloud-init[981]: +---[DSA 1024]----+
[   18.103208] cloud-init[981]: |           . .   |
[   18.105122] cloud-init[981]: |    .     o * .  |
[   18.107010] cloud-init[981]: |     o.  = O O   |
[   18.109167] cloud-init[981]: |      ooo.+ @ o  |
[   18.111054] cloud-init[981]: |       oS... + = |
[   18.112962] cloud-init[981]: |       .E+  . + .|
[   18.115431] cloud-init[981]: |       +=.+. .   |
[   18.117358] cloud-init[981]: |      .oo*o+.    |
[   18.119601] cloud-init[981]: |       o*B* .    |
[   18.121505] cloud-init[981]: +----[SHA256]-----+
[   18.123649] cloud-init[981]: Generating public/private ecdsa key pair.
[   18.126928] cloud-init[981]: Your identification has been saved in /etc/ssh/ssh_host_ecdsa_key.
[   18.130779] cloud-init[981]: Your public key has been saved in /etc/ssh/ssh_host_ecdsa_key.pub.
[   18.135558] cloud-init[981]: The key fingerprint is:
[   18.138639] cloud-init[981]: SHA256:4oMaHXFZHZPk51x/EzZYEcN0GJUYur1e0YeRda6j/z4 root@ubuntu-bionic
[   18.142667] cloud-init[981]: The key's randomart image is:
[   18.144981] cloud-init[981]: +---[ECDSA 256]---+
[   18.147102] cloud-init[981]: |        .o+o .*XO|
[   18.149164] cloud-init[981]: |       o .o...+*+|
[   18.151925] cloud-init[981]: |    . o   ....++.|
[   18.154437] cloud-init[981]: |     o     +o..=+|
[   18.156889] cloud-init[981]: |    . . S  .o.+o=|
[   18.159165] cloud-init[981]: |   . + .     ...=|
[   18.161426] cloud-init[981]: |  . o o     .. . |
[   18.163873] cloud-init[981]: |   o   .    ...E |
[   18.166040] cloud-init[981]: |  .          ..o+|
[   18.168529] cloud-init[981]: +----[SHA256]-----+
[   18.170977] cloud-init[981]: Generating public/private ed25519 key pair.
[   18.174225] cloud-init[981]: Your identification has been saved in /etc/ssh/ssh_host_ed25519_key.
[   18.178804] cloud-init[981]: Your public key has been saved in /etc/ssh/ssh_host_ed25519_key.pub.
[   18.185144] cloud-init[981]: The key fingerprint is:
[   18.190488] cloud-init[981]: SHA256:ev/d3zlvcnMTK2gOY8q/dHaVRUaATDgzAZnKBoL7ZQQ root@ubuntu-bionic
[   18.196521] cloud-init[981]: The key's randomart image is:
[   18.199657] cloud-init[981]: +--[ED25519 256]--+
[   18.205214] cloud-init[981]: | .E.    .+.=...o+|
[   18.210694] cloud-init[981]: |. . o   o = o  o |
[   18.215373] cloud-init[981]: | . o o .   +    .|
[   18.220625] cloud-init[981]: |.   o +         o|
[   18.225537] cloud-init[981]: | . o .  S      o |
[   18.230826] cloud-init[981]: |  .    .      .. |
[   18.236301] cloud-init[981]: |      . .= o..  o|
[   18.242130] cloud-init[981]: |      ..+.=o.o.**|
[   18.247492] cloud-init[981]: |       o.o=o. o=%|
[   18.253294] cloud-init[981]: +----[SHA256]-----+
[[0;32m  OK  [0m] Started Initial cloud-init job (metadata service crawler).
[[0;32m  OK  [0m] Reached target System Initialization.
[[0;32m  OK  [0m] Listening on UUID daemon activation socket.
[[0;32m  OK  [0m] Listening on Open-iSCSI iscsid Socket.
[[0;32m  OK  [0m] Started Ubuntu Advantage Timer for running repeated jobs.
[[0;32m  OK  [0m] Started ACPI Events Check.
[[0;32m  OK  [0m] Listening on D-Bus System Message Bus Socket.
[[0;32m  OK  [0m] Started Daily Cleanup of Temporary Directories.
[[0;32m  OK  [0m] Listening on ACPID Listen Socket.
[[0;32m  OK  [0m] Started Message of the Day.
[[0;32m  OK  [0m] Reached target Paths.
[[0;32m  OK  [0m] Started Discard unused blocks once a week.
         Starting LXD - unix socket.
[[0;32m  OK  [0m] Started Daily apt download activities.
[[0;32m  OK  [0m] Started Daily apt upgrade and clean activities.
[[0;32m  OK  [0m] Reached target Timers.
[[0;32m  OK  [0m] Listening on cloud-init hotplug hook socket.
         Starting Socket activation for snappy daemon.
[[0;32m  OK  [0m] Reached target Cloud-config availability.
[[0;32m  OK  [0m] Reached target Network is Online.
[[0;32m  OK  [0m] Reached target Remote File Systems (Pre).
[[0;32m  OK  [0m] Reached target Remote File Systems.
         Starting Availability of block devices...
[[0;32m  OK  [0m] Listening on LXD - unix socket.
[[0;32m  OK  [0m] Listening on Socket activation for snappy daemon.
[[0;32m  OK  [0m] Reached target Sockets.
[[0;32m  OK  [0m] Reached target Basic System.
         Starting Login Service...
[[0;32m  OK  [0m] Started Deferred execution scheduler.
[[0;32m  OK  [0m] Started Regular background program processing daemon.
[[0;32m  OK  [0m] Started D-Bus System Message Bus.
         Starting System Logging Service...
         Starting LSB: automatic crash report generation...
         Starting LSB: Record successful boot for GRUB...
         Starting Snap Daemon...
         Starting Accounts Service...
         Starting Permit User Sessions...
         Starting Virtualbox guest utils...
         Starting Pollinate to seed the pseudo random number generator...
[[0;32m  OK  [0m] Reached target Login Prompts (Pre).
[[0;32m  OK  [0m] Started irqbalance daemon.
         Starting Dispatcher daemon for systemd-networkd...
[[0;32m  OK  [0m] Started FUSE filesystem for LXC.
         Starting LXD - container startup/shutdown...
[[0;32m  OK  [0m] Started System Logging Service.
[[0;32m  OK  [0m] Started Availability of block devices.
[[0;32m  OK  [0m] Started Permit User Sessions.
[[0;32m  OK  [0m] Started Login Service.
         Starting Authorization Manager...
[[0;32m  OK  [0m] Started Unattended Upgrades Shutdown.
         Starting Hold until boot process finishes up...
         Starting Terminate Plymouth Boot Screen...
[[0;32m  OK  [0m] Started Hold until boot process finishes up.
[[0;32m  OK  [0m] Started Serial Getty on ttyS0.
         Starting Set console scheme...
[[0;32m  OK  [0m] Started Terminate Plymouth Boot Screen.
[[0;32m  OK  [0m] Started LSB: automatic crash report generation.
[[0;32m  OK  [0m] Started Authorization Manager.
[[0;32m  OK  [0m] Started Accounts Service.
[[0;32m  OK  [0m] Started LSB: Record successful boot for GRUB.
[[0;32m  OK  [0m] Started Set console scheme.
[[0;32m  OK  [0m] Created slice system-getty.slice.
[[0;32m  OK  [0m] Started Getty on tty1.
[[0;32m  OK  [0m] Reached target Login Prompts.
[[0;32m  OK  [0m] Started Virtualbox guest utils.
[[0;32m  OK  [0m] Started LXD - container startup/shutdown.
[[0;32m  OK  [0m] Started Dispatcher daemon for systemd-networkd.
[[0;32m  OK  [0m] Started Snap Daemon.
         Starting Wait until snapd is fully seeded...
         Starting Time & Date Service...
[[0;32m  OK  [0m] Started Time & Date Service.
[[0;32m  OK  [0m] Started Pollinate to seed the pseudo random number generator.
         Starting OpenBSD Secure Shell server...
[[0;32m  OK  [0m] Started OpenBSD Secure Shell server.
[[0;32m  OK  [0m] Created slice User Slice of vagrant.
         Starting User Manager for UID 1000...
[[0;32m  OK  [0m] Started Session 1 of user vagrant.
[[0;32m  OK  [0m] Started User Manager for UID 1000.
[[0;32m  OK  [0m] Started Wait until snapd is fully seeded.
         Starting Apply the settings specified in cloud-config...
[   24.848664] cloud-init[1605]: Cloud-init v. 23.1.2-0ubuntu0~18.04.1 running 'modules:config' at Wed, 11 Sep 2024 07:27:46 +0000. Up 24.14 seconds.

Ubuntu 18.04.6 LTS ubuntu-bionic ttyS0

ubuntu-bionic login: ci-info: no authorized SSH keys fingerprints found for user ubuntu.
<14>Sep 11 07:27:48 cloud-init: #############################################################
<14>Sep 11 07:27:48 cloud-init: -----BEGIN SSH HOST KEY FINGERPRINTS-----
<14>Sep 11 07:27:48 cloud-init: 1024 SHA256:8Ifr37B64FLpT4buwa9tXdkYhOjTGxy2OY1JTqKNAv8 root@ubuntu-bionic (DSA)
<14>Sep 11 07:27:48 cloud-init: 256 SHA256:4oMaHXFZHZPk51x/EzZYEcN0GJUYur1e0YeRda6j/z4 root@ubuntu-bionic (ECDSA)
<14>Sep 11 07:27:48 cloud-init: 256 SHA256:ev/d3zlvcnMTK2gOY8q/dHaVRUaATDgzAZnKBoL7ZQQ root@ubuntu-bionic (ED25519)
<14>Sep 11 07:27:48 cloud-init: 2048 SHA256:bA875sXLrDIuBO4L1zgfvnIsMbmYdZAk82sH/5mROyY root@ubuntu-bionic (RSA)
<14>Sep 11 07:27:48 cloud-init: -----END SSH HOST KEY FINGERPRINTS-----
<14>Sep 11 07:27:48 cloud-init: #############################################################
-----BEGIN SSH HOST KEY KEYS-----
ecdsa-sha2-nistp256 AAAAE2VjZHNhLXNoYTItbmlzdHAyNTYAAAAIbmlzdHAyNTYAAABBBPDDcch/eoU9xjER6+I0NimF5FLP017BeZyvSfp7AZpp79dhLmKoHa0WIf9oBOYfX77mjY1kncZeiKpTlnkjkj8= root@ubuntu-bionic
ssh-ed25519 AAAAC3NzaC1lZDI1NTE5AAAAIMA025SGleNszq5R/9fLq04ra3xEx2b/1/SmzBfbNs9F root@ubuntu-bionic
ssh-rsa AAAAB3NzaC1yc2EAAAADAQABAAABAQCoGbG4tGAQd41Xx2ynm94hrdhTNg9ZWw/wle14aS+Rd3L9yOGCzPof9qo5EAVg99wVXHtDgFayDFd5LRp+LQvapzZctkC2HL73qGcrQlaSyFK7yp8gBteCGWiUM7FU37y6a/vPKJW1X97w9MMBJPoK0sw8cZuQRBlgOcZTb7p7tpwF8J2gdf1ORfuDmibQRO6q1azwu4kzjaHkTb6QR/664l51XoEdfc9jsnS+ttSGzdKcGlRZeM666n5eyH5v5x2ougpSUnLGOySYrdL6cqkC99yBf7lOQdZ8n+I/uUT31FOMrEAGj4W8ul25fDqtX+Su4OlPbeHR9uU6BlV7JrNZ root@ubuntu-bionic
-----END SSH HOST KEY KEYS-----
[   26.141443] cloud-init[1785]: Cloud-init v. 23.1.2-0ubuntu0~18.04.1 running 'modules:final' at Wed, 11 Sep 2024 07:27:48 +0000. Up 25.77 seconds.
[   26.152333] cloud-init[1785]: Cloud-init v. 23.1.2-0ubuntu0~18.04.1 finished at Wed, 11 Sep 2024 07:27:48 +0000. Datasource DataSourceNoCloud [seed=/dev/sdb][dsmode=net].  Up 26.12 seconds
